This file contains any messages produced by compilers while
running configure, to aid debugging if configure makes a mistake.

It was created by configure, which was
generated by GNU Autoconf 2.69.  Invocation command line was

  $ ./configure --prefix=/usr/local2/apache2 --enable-mods-static=most --enable-proxy --enable-proxy-fcgi --enable-maintainer-mode --with-included-apr --enable-substitute --enable-version --with-mpm=event

## --------- ##
## Platform. ##
## --------- ##

hostname = jimsys
uname -m = x86_64
uname -r = 12.1.0
uname -s = Darwin
uname -v = Darwin Kernel Version 12.1.0: Tue Aug 14 13:29:55 PDT 2012; root:xnu-2050.9.2~1/RELEASE_X86_64

/usr/bin/uname -p = i386
/bin/uname -X     = unknown

/bin/arch              = unknown
/usr/bin/arch -k       = unknown
/usr/convex/getsysinfo = unknown
/usr/bin/hostinfo      = Mach kernel version:
	 Darwin Kernel Version 12.1.0: Tue Aug 14 13:29:55 PDT 2012; root:xnu-2050.9.2~1/RELEASE_X86_64
Kernel configured for up to 8 processors.
8 processors are physically available.
8 processors are logically available.
Processor type: i486 (Intel 80486)
Processors active: 0 1 2 3 4 5 6 7
Primary memory available: 24.00 gigabytes
Default processor set: 141 tasks, 619 threads, 8 processors
Load average: 1.85, Mach factor: 6.14
/bin/machine           = unknown
/usr/bin/oslevel       = unknown
/bin/universe          = unknown

PATH: /usr/local/local2/bin
PATH: /usr/local/local2/sbin
PATH: /usr/local/bin
PATH: /usr/local/sbin
PATH: /usr/bin
PATH: /bin
PATH: /usr/sbin
PATH: /sbin
PATH: /opt/X11/bin
PATH: /Users/jim/bin
PATH: .


## ----------- ##
## Core tests. ##
## ----------- ##

configure:3090: checking for chosen layout
configure:3092: result: Apache
configure:3895: checking for working mkdir -p
configure:3911: result: yes
configure:3920: checking for grep that handles long lines and -e
configure:3978: result: /usr/bin/grep
configure:3983: checking for egrep
configure:4045: result: /usr/bin/grep -E
configure:4061: checking build system type
configure:4075: result: x86_64-apple-darwin12.1.0
configure:4095: checking host system type
configure:4108: result: x86_64-apple-darwin12.1.0
configure:4128: checking target system type
configure:4141: result: x86_64-apple-darwin12.1.0
configure:4171: 
configure:4173: Configuring Apache Portable Runtime library...
configure:4175: 
configure:4621: 
configure:4623: Configuring Apache Portable Runtime Utility library...
configure:4625: 
configure:5002: checking for gcc
configure:5029: result: gcc 
configure:5258: checking for C compiler version
configure:5267: gcc  --version >&5
i686-apple-darwin11-llvm-gcc-4.2 (GCC) 4.2.1 (Based on Apple Inc. build 5658) (LLVM build 2336.11.00)
Copyright (C) 2007 Free Software Foundation, Inc.
This is free software; see the source for copying conditions.  There is NO
warranty; not even for MERCHANTABILITY or FITNESS FOR A PARTICULAR PURPOSE.

configure:5278: $? = 0
configure:5267: gcc  -v >&5
Using built-in specs.
Target: i686-apple-darwin11
Configured with: /private/var/tmp/llvmgcc42/llvmgcc42-2336.11~28/src/configure --disable-checking --enable-werror --prefix=/Applications/Xcode.app/Contents/Developer/usr/llvm-gcc-4.2 --mandir=/share/man --enable-languages=c,objc,c++,obj-c++ --program-prefix=llvm- --program-transform-name=/^[cg][^.-]*$/s/$/-4.2/ --with-slibdir=/usr/lib --build=i686-apple-darwin11 --enable-llvm=/private/var/tmp/llvmgcc42/llvmgcc42-2336.11~28/dst-llvmCore/Developer/usr/local --program-prefix=i686-apple-darwin11- --host=x86_64-apple-darwin11 --target=i686-apple-darwin11 --with-gxx-include-dir=/usr/include/c++/4.2.1
Thread model: posix
gcc version 4.2.1 (Based on Apple Inc. build 5658) (LLVM build 2336.11.00)
configure:5278: $? = 0
configure:5267: gcc  -V >&5
llvm-gcc-4.2: argument to `-V' is missing
configure:5278: $? = 1
configure:5267: gcc  -qversion >&5
i686-apple-darwin11-llvm-gcc-4.2: no input files
configure:5278: $? = 1
configure:5298: checking whether the C compiler works
configure:5320: gcc   -g -O2 -Wall -Wmissing-prototypes -Wstrict-prototypes -Wmissing-declarations  -DDARWIN -DSIGPROCMASK_SETS_THREAD_MASK -no-cpp-precomp -DDARWIN_10   conftest.c  >&5
conftest.c:12: warning: function declaration isn't a prototype
configure:5324: $? = 0
configure:5372: result: yes
configure:5375: checking for C compiler default output file name
configure:5377: result: a.out
configure:5383: checking for suffix of executables
configure:5390: gcc  -o conftest  -g -O2 -Wall -Wmissing-prototypes -Wstrict-prototypes -Wmissing-declarations  -DDARWIN -DSIGPROCMASK_SETS_THREAD_MASK -no-cpp-precomp -DDARWIN_10   conftest.c  >&5
conftest.c:12: warning: function declaration isn't a prototype
configure:5394: $? = 0
configure:5416: result: 
configure:5438: checking whether we are cross compiling
configure:5446: gcc  -o conftest  -g -O2 -Wall -Wmissing-prototypes -Wstrict-prototypes -Wmissing-declarations  -DDARWIN -DSIGPROCMASK_SETS_THREAD_MASK -no-cpp-precomp -DDARWIN_10   conftest.c  >&5
conftest.c:12: warning: function declaration isn't a prototype
configure:5450: $? = 0
configure:5457: ./conftest
configure:5461: $? = 0
configure:5476: result: no
configure:5481: checking for suffix of object files
configure:5503: gcc  -c  -g -O2 -Wall -Wmissing-prototypes -Wstrict-prototypes -Wmissing-declarations  -DDARWIN -DSIGPROCMASK_SETS_THREAD_MASK -no-cpp-precomp -DDARWIN_10 conftest.c >&5
conftest.c:12: warning: function declaration isn't a prototype
configure:5507: $? = 0
configure:5528: result: o
configure:5532: checking whether we are using the GNU C compiler
configure:5551: gcc  -c  -g -O2 -Wall -Wmissing-prototypes -Wstrict-prototypes -Wmissing-declarations  -DDARWIN -DSIGPROCMASK_SETS_THREAD_MASK -no-cpp-precomp -DDARWIN_10 conftest.c >&5
conftest.c:12: warning: function declaration isn't a prototype
configure:5551: $? = 0
configure:5560: result: yes
configure:5569: checking whether gcc  accepts -g
configure:5589: gcc  -c -g  -DDARWIN -DSIGPROCMASK_SETS_THREAD_MASK -no-cpp-precomp -DDARWIN_10 conftest.c >&5
configure:5589: $? = 0
configure:5630: result: yes
configure:5647: checking for gcc  option to accept ISO C89
configure:5710: gcc   -c  -g -O2 -Wall -Wmissing-prototypes -Wstrict-prototypes -Wmissing-declarations  -DDARWIN -DSIGPROCMASK_SETS_THREAD_MASK -no-cpp-precomp -DDARWIN_10 conftest.c >&5
conftest.c:16: warning: function declaration isn't a prototype
conftest.c:53: warning: function declaration isn't a prototype
configure:5710: $? = 0
configure:5723: result: none needed
configure:5748: checking how to run the C preprocessor
configure:5818: result: gcc -E
configure:5838: gcc -E  -DDARWIN -DSIGPROCMASK_SETS_THREAD_MASK -no-cpp-precomp -DDARWIN_10 conftest.c
configure:5838: $? = 0
configure:5852: gcc -E  -DDARWIN -DSIGPROCMASK_SETS_THREAD_MASK -no-cpp-precomp -DDARWIN_10 conftest.c
conftest.c:9:28: error: ac_nonexistent.h: No such file or directory
configure:5852: $? = 1
configure: failed program was:
| /* confdefs.h */
| #define PACKAGE_NAME ""
| #define PACKAGE_TARNAME ""
| #define PACKAGE_VERSION ""
| #define PACKAGE_STRING ""
| #define PACKAGE_BUGREPORT ""
| #define PACKAGE_URL ""
| /* end confdefs.h.  */
| #include <ac_nonexistent.h>
configure:5881: checking for gcc  option to accept ISO C99
configure:6030: gcc   -c  -g -O2 -Wall -Wmissing-prototypes -Wstrict-prototypes -Wmissing-declarations  -DDARWIN -DSIGPROCMASK_SETS_THREAD_MASK -no-cpp-precomp -DDARWIN_10 conftest.c >&5
conftest.c:59: error: expected ';', ',' or ')' before 'text'
conftest.c:105: warning: function declaration isn't a prototype
conftest.c: In function 'main':
conftest.c:111: warning: implicit declaration of function 'test_restrict'
conftest.c:113: error: nested functions are disabled, use -fnested-functions to re-enable
conftest.c:113: error: expected '=', ',', ';', 'asm' or '__attribute__' before 'newvar'
conftest.c:113: error: 'newvar' undeclared (first use in this function)
conftest.c:113: error: (Each undeclared identifier is reported only once
conftest.c:113: error: for each function it appears in.)
conftest.c:123: error: 'for' loop initial declaration used outside C99 mode
configure:6030: $? = 1
configure: failed program was:
| /* confdefs.h */
| #define PACKAGE_NAME ""
| #define PACKAGE_TARNAME ""
| #define PACKAGE_VERSION ""
| #define PACKAGE_STRING ""
| #define PACKAGE_BUGREPORT ""
| #define PACKAGE_URL ""
| /* end confdefs.h.  */
| #include <stdarg.h>
| #include <stdbool.h>
| #include <stdlib.h>
| #include <wchar.h>
| #include <stdio.h>
| 
| // Check varargs macros.  These examples are taken from C99 6.10.3.5.
| #define debug(...) fprintf (stderr, __VA_ARGS__)
| #define showlist(...) puts (#__VA_ARGS__)
| #define report(test,...) ((test) ? puts (#test) : printf (__VA_ARGS__))
| static void
| test_varargs_macros (void)
| {
|   int x = 1234;
|   int y = 5678;
|   debug ("Flag");
|   debug ("X = %d\n", x);
|   showlist (The first, second, and third items.);
|   report (x>y, "x is %d but y is %d", x, y);
| }
| 
| // Check long long types.
| #define BIG64 18446744073709551615ull
| #define BIG32 4294967295ul
| #define BIG_OK (BIG64 / BIG32 == 4294967297ull && BIG64 % BIG32 == 0)
| #if !BIG_OK
|   your preprocessor is broken;
| #endif
| #if BIG_OK
| #else
|   your preprocessor is broken;
| #endif
| static long long int bignum = -9223372036854775807LL;
| static unsigned long long int ubignum = BIG64;
| 
| struct incomplete_array
| {
|   int datasize;
|   double data[];
| };
| 
| struct named_init {
|   int number;
|   const wchar_t *name;
|   double average;
| };
| 
| typedef const char *ccp;
| 
| static inline int
| test_restrict (ccp restrict text)
| {
|   // See if C++-style comments work.
|   // Iterate through items via the restricted pointer.
|   // Also check for declarations in for loops.
|   for (unsigned int i = 0; *(text+i) != '\0'; ++i)
|     continue;
|   return 0;
| }
| 
| // Check varargs and va_copy.
| static void
| test_varargs (const char *format, ...)
| {
|   va_list args;
|   va_start (args, format);
|   va_list args_copy;
|   va_copy (args_copy, args);
| 
|   const char *str;
|   int number;
|   float fnumber;
| 
|   while (*format)
|     {
|       switch (*format++)
| 	{
| 	case 's': // string
| 	  str = va_arg (args_copy, const char *);
| 	  break;
| 	case 'd': // int
| 	  number = va_arg (args_copy, int);
| 	  break;
| 	case 'f': // float
| 	  fnumber = va_arg (args_copy, double);
| 	  break;
| 	default:
| 	  break;
| 	}
|     }
|   va_end (args_copy);
|   va_end (args);
| }
| 
| int
| main ()
| {
| 
|   // Check bool.
|   _Bool success = false;
| 
|   // Check restrict.
|   if (test_restrict ("String literal") == 0)
|     success = true;
|   char *restrict newvar = "Another string";
| 
|   // Check varargs.
|   test_varargs ("s, d' f .", "string", 65, 34.234);
|   test_varargs_macros ();
| 
|   // Check flexible array members.
|   struct incomplete_array *ia =
|     malloc (sizeof (struct incomplete_array) + (sizeof (double) * 10));
|   ia->datasize = 10;
|   for (int i = 0; i < ia->datasize; ++i)
|     ia->data[i] = i * 1.234;
| 
|   // Check named initializers.
|   struct named_init ni = {
|     .number = 34,
|     .name = L"Test wide string",
|     .average = 543.34343,
|   };
| 
|   ni.number = 58;
| 
|   int dynamic_array[ni.number];
|   dynamic_array[ni.number - 1] = 543;
| 
|   // work around unused variable warnings
|   return (!success || bignum == 0LL || ubignum == 0uLL || newvar[0] == 'x'
| 	  || dynamic_array[ni.number - 1] != 543);
| 
|   ;
|   return 0;
| }
configure:6030: gcc  -std=gnu99 -c  -g -O2 -Wall -Wmissing-prototypes -Wstrict-prototypes -Wmissing-declarations  -DDARWIN -DSIGPROCMASK_SETS_THREAD_MASK -no-cpp-precomp -DDARWIN_10 conftest.c >&5
conftest.c:105: warning: function declaration isn't a prototype
configure:6030: $? = 0
configure:6050: result: -std=gnu99
configure:6080: checking for pcre-config
configure:6098: found /usr/local/bin/pcre-config
configure:6111: result: /usr/local/bin/pcre-config
configure:6134: Using external PCRE library from /usr/local/bin/pcre-config
configure:6186: 
configure:6188: Configuring Apache httpd...
configure:6190: 
configure:6330: 
configure:6332: Applying OS-specific hints for httpd...
configure:6334: 
configure:6520: checking for rm
configure:6538: found /bin/rm
configure:6550: result: /bin/rm
configure:6560: checking for pkg-config
configure:6578: found /usr/local/bin/pkg-config
configure:6590: result: /usr/local/bin/pkg-config
configure:6600: checking for rsync
configure:6618: found /usr/local/bin/rsync
configure:6630: result: /usr/local/bin/rsync
configure:6642: checking for gawk
configure:6658: found /usr/local/bin/gawk
configure:6669: result: gawk
configure:6680: checking whether ln -s works
configure:6684: result: yes
configure:6734: checking for ranlib
configure:6750: found /usr/local/bin/ranlib
configure:6761: result: ranlib
configure:6787: checking for lynx
configure:6803: found /usr/local/bin/lynx
configure:6814: result: lynx
configure:6842: checking for ANSI C header files
configure:6862: gcc  -std=gnu99 -c  -g -O2 -Wall -Wmissing-prototypes -Wstrict-prototypes -Wmissing-declarations  -DDARWIN -DSIGPROCMASK_SETS_THREAD_MASK -no-cpp-precomp -DDARWIN_10 conftest.c >&5
conftest.c:16: warning: function declaration isn't a prototype
configure:6862: $? = 0
configure:6935: gcc  -std=gnu99 -o conftest  -g -O2 -Wall -Wmissing-prototypes -Wstrict-prototypes -Wmissing-declarations  -DDARWIN -DSIGPROCMASK_SETS_THREAD_MASK -no-cpp-precomp -DDARWIN_10   conftest.c  >&5
conftest.c:22: warning: function declaration isn't a prototype
configure:6935: $? = 0
configure:6935: ./conftest
configure:6935: $? = 0
configure:6946: result: yes
configure:6959: checking for sys/types.h
configure:6959: gcc  -std=gnu99 -c  -g -O2 -Wall -Wmissing-prototypes -Wstrict-prototypes -Wmissing-declarations  -DDARWIN -DSIGPROCMASK_SETS_THREAD_MASK -no-cpp-precomp -DDARWIN_10 conftest.c >&5
configure:6959: $? = 0
configure:6959: result: yes
configure:6959: checking for sys/stat.h
configure:6959: gcc  -std=gnu99 -c  -g -O2 -Wall -Wmissing-prototypes -Wstrict-prototypes -Wmissing-declarations  -DDARWIN -DSIGPROCMASK_SETS_THREAD_MASK -no-cpp-precomp -DDARWIN_10 conftest.c >&5
configure:6959: $? = 0
configure:6959: result: yes
configure:6959: checking for stdlib.h
configure:6959: gcc  -std=gnu99 -c  -g -O2 -Wall -Wmissing-prototypes -Wstrict-prototypes -Wmissing-declarations  -DDARWIN -DSIGPROCMASK_SETS_THREAD_MASK -no-cpp-precomp -DDARWIN_10 conftest.c >&5
configure:6959: $? = 0
configure:6959: result: yes
configure:6959: checking for string.h
configure:6959: gcc  -std=gnu99 -c  -g -O2 -Wall -Wmissing-prototypes -Wstrict-prototypes -Wmissing-declarations  -DDARWIN -DSIGPROCMASK_SETS_THREAD_MASK -no-cpp-precomp -DDARWIN_10 conftest.c >&5
configure:6959: $? = 0
configure:6959: result: yes
configure:6959: checking for memory.h
configure:6959: gcc  -std=gnu99 -c  -g -O2 -Wall -Wmissing-prototypes -Wstrict-prototypes -Wmissing-declarations  -DDARWIN -DSIGPROCMASK_SETS_THREAD_MASK -no-cpp-precomp -DDARWIN_10 conftest.c >&5
configure:6959: $? = 0
configure:6959: result: yes
configure:6959: checking for strings.h
configure:6959: gcc  -std=gnu99 -c  -g -O2 -Wall -Wmissing-prototypes -Wstrict-prototypes -Wmissing-declarations  -DDARWIN -DSIGPROCMASK_SETS_THREAD_MASK -no-cpp-precomp -DDARWIN_10 conftest.c >&5
configure:6959: $? = 0
configure:6959: result: yes
configure:6959: checking for inttypes.h
configure:6959: gcc  -std=gnu99 -c  -g -O2 -Wall -Wmissing-prototypes -Wstrict-prototypes -Wmissing-declarations  -DDARWIN -DSIGPROCMASK_SETS_THREAD_MASK -no-cpp-precomp -DDARWIN_10 conftest.c >&5
configure:6959: $? = 0
configure:6959: result: yes
configure:6959: checking for stdint.h
configure:6959: gcc  -std=gnu99 -c  -g -O2 -Wall -Wmissing-prototypes -Wstrict-prototypes -Wmissing-declarations  -DDARWIN -DSIGPROCMASK_SETS_THREAD_MASK -no-cpp-precomp -DDARWIN_10 conftest.c >&5
configure:6959: $? = 0
configure:6959: result: yes
configure:6959: checking for unistd.h
configure:6959: gcc  -std=gnu99 -c  -g -O2 -Wall -Wmissing-prototypes -Wstrict-prototypes -Wmissing-declarations  -DDARWIN -DSIGPROCMASK_SETS_THREAD_MASK -no-cpp-precomp -DDARWIN_10 conftest.c >&5
configure:6959: $? = 0
configure:6959: result: yes
configure:6972: checking minix/config.h usability
configure:6972: gcc  -std=gnu99 -c  -g -O2 -Wall -Wmissing-prototypes -Wstrict-prototypes -Wmissing-declarations  -DDARWIN -DSIGPROCMASK_SETS_THREAD_MASK -no-cpp-precomp -DDARWIN_10 conftest.c >&5
conftest.c:52:26: error: minix/config.h: No such file or directory
configure:6972: $? = 1
configure: failed program was:
| /* confdefs.h */
| #define PACKAGE_NAME ""
| #define PACKAGE_TARNAME ""
| #define PACKAGE_VERSION ""
| #define PACKAGE_STRING ""
| #define PACKAGE_BUGREPORT ""
| #define PACKAGE_URL ""
| #define STDC_HEADERS 1
| #define HAVE_SYS_TYPES_H 1
| #define HAVE_SYS_STAT_H 1
| #define HAVE_STDLIB_H 1
| #define HAVE_STRING_H 1
| #define HAVE_MEMORY_H 1
| #define HAVE_STRINGS_H 1
| #define HAVE_INTTYPES_H 1
| #define HAVE_STDINT_H 1
| #define HAVE_UNISTD_H 1
| /* end confdefs.h.  */
| #include <stdio.h>
| #ifdef HAVE_SYS_TYPES_H
| # include <sys/types.h>
| #endif
| #ifdef HAVE_SYS_STAT_H
| # include <sys/stat.h>
| #endif
| #ifdef STDC_HEADERS
| # include <stdlib.h>
| # include <stddef.h>
| #else
| # ifdef HAVE_STDLIB_H
| #  include <stdlib.h>
| # endif
| #endif
| #ifdef HAVE_STRING_H
| # if !defined STDC_HEADERS && defined HAVE_MEMORY_H
| #  include <memory.h>
| # endif
| # include <string.h>
| #endif
| #ifdef HAVE_STRINGS_H
| # include <strings.h>
| #endif
| #ifdef HAVE_INTTYPES_H
| # include <inttypes.h>
| #endif
| #ifdef HAVE_STDINT_H
| # include <stdint.h>
| #endif
| #ifdef HAVE_UNISTD_H
| # include <unistd.h>
| #endif
| #include <minix/config.h>
configure:6972: result: no
configure:6972: checking minix/config.h presence
configure:6972: gcc -E  -DDARWIN -DSIGPROCMASK_SETS_THREAD_MASK -no-cpp-precomp -DDARWIN_10 conftest.c
conftest.c:19:26: error: minix/config.h: No such file or directory
configure:6972: $? = 1
configure: failed program was:
| /* confdefs.h */
| #define PACKAGE_NAME ""
| #define PACKAGE_TARNAME ""
| #define PACKAGE_VERSION ""
| #define PACKAGE_STRING ""
| #define PACKAGE_BUGREPORT ""
| #define PACKAGE_URL ""
| #define STDC_HEADERS 1
| #define HAVE_SYS_TYPES_H 1
| #define HAVE_SYS_STAT_H 1
| #define HAVE_STDLIB_H 1
| #define HAVE_STRING_H 1
| #define HAVE_MEMORY_H 1
| #define HAVE_STRINGS_H 1
| #define HAVE_INTTYPES_H 1
| #define HAVE_STDINT_H 1
| #define HAVE_UNISTD_H 1
| /* end confdefs.h.  */
| #include <minix/config.h>
configure:6972: result: no
configure:6972: checking for minix/config.h
configure:6972: result: no
configure:6993: checking whether it is safe to define __EXTENSIONS__
configure:7011: gcc  -std=gnu99 -c  -g -O2 -Wall -Wmissing-prototypes -Wstrict-prototypes -Wmissing-declarations  -DDARWIN -DSIGPROCMASK_SETS_THREAD_MASK -no-cpp-precomp -DDARWIN_10 conftest.c >&5
conftest.c:56: warning: function declaration isn't a prototype
configure:7011: $? = 0
configure:7018: result: yes
configure:7034: checking for library containing strerror
configure:7065: gcc  -std=gnu99 -o conftest  -g -O2 -Wall -Wmissing-prototypes -Wstrict-prototypes -Wmissing-declarations  -DDARWIN -DSIGPROCMASK_SETS_THREAD_MASK -no-cpp-precomp -DDARWIN_10   conftest.c  >&5
conftest.c:31: warning: function declaration isn't a prototype
conftest.c:34: warning: function declaration isn't a prototype
configure:7065: $? = 0
configure:7082: result: none required
configure:7287: checking for ANSI C header files
configure:7391: result: yes
configure:7414: checking for string.h
configure:7414: result: yes
configure:7414: checking limits.h usability
configure:7414: gcc  -std=gnu99 -c  -g -O2 -Wall -Wmissing-prototypes -Wstrict-prototypes -Wmissing-declarations  -DDARWIN -DSIGPROCMASK_SETS_THREAD_MASK -no-cpp-precomp -DDARWIN_10 conftest.c >&5
configure:7414: $? = 0
configure:7414: result: yes
configure:7414: checking limits.h presence
configure:7414: gcc -E  -DDARWIN -DSIGPROCMASK_SETS_THREAD_MASK -no-cpp-precomp -DDARWIN_10 conftest.c
configure:7414: $? = 0
configure:7414: result: yes
configure:7414: checking for limits.h
configure:7414: result: yes
configure:7414: checking for unistd.h
configure:7414: result: yes
configure:7414: checking sys/socket.h usability
configure:7414: gcc  -std=gnu99 -c  -g -O2 -Wall -Wmissing-prototypes -Wstrict-prototypes -Wmissing-declarations  -DDARWIN -DSIGPROCMASK_SETS_THREAD_MASK -no-cpp-precomp -DDARWIN_10 conftest.c >&5
configure:7414: $? = 0
configure:7414: result: yes
configure:7414: checking sys/socket.h presence
configure:7414: gcc -E  -DDARWIN -DSIGPROCMASK_SETS_THREAD_MASK -no-cpp-precomp -DDARWIN_10 conftest.c
configure:7414: $? = 0
configure:7414: result: yes
configure:7414: checking for sys/socket.h
configure:7414: result: yes
configure:7414: checking pwd.h usability
configure:7414: gcc  -std=gnu99 -c  -g -O2 -Wall -Wmissing-prototypes -Wstrict-prototypes -Wmissing-declarations  -DDARWIN -DSIGPROCMASK_SETS_THREAD_MASK -no-cpp-precomp -DDARWIN_10 conftest.c >&5
configure:7414: $? = 0
configure:7414: result: yes
configure:7414: checking pwd.h presence
configure:7414: gcc -E  -DDARWIN -DSIGPROCMASK_SETS_THREAD_MASK -no-cpp-precomp -DDARWIN_10 conftest.c
configure:7414: $? = 0
configure:7414: result: yes
configure:7414: checking for pwd.h
configure:7414: result: yes
configure:7414: checking grp.h usability
configure:7414: gcc  -std=gnu99 -c  -g -O2 -Wall -Wmissing-prototypes -Wstrict-prototypes -Wmissing-declarations  -DDARWIN -DSIGPROCMASK_SETS_THREAD_MASK -no-cpp-precomp -DDARWIN_10 conftest.c >&5
configure:7414: $? = 0
configure:7414: result: yes
configure:7414: checking grp.h presence
configure:7414: gcc -E  -DDARWIN -DSIGPROCMASK_SETS_THREAD_MASK -no-cpp-precomp -DDARWIN_10 conftest.c
configure:7414: $? = 0
configure:7414: result: yes
configure:7414: checking for grp.h
configure:7414: result: yes
configure:7414: checking for strings.h
configure:7414: result: yes
configure:7414: checking sys/prctl.h usability
configure:7414: gcc  -std=gnu99 -c  -g -O2 -Wall -Wmissing-prototypes -Wstrict-prototypes -Wmissing-declarations  -DDARWIN -DSIGPROCMASK_SETS_THREAD_MASK -no-cpp-precomp -DDARWIN_10 conftest.c >&5
conftest.c:65:23: error: sys/prctl.h: No such file or directory
configure:7414: $? = 1
configure: failed program was:
| /* confdefs.h */
| #define PACKAGE_NAME ""
| #define PACKAGE_TARNAME ""
| #define PACKAGE_VERSION ""
| #define PACKAGE_STRING ""
| #define PACKAGE_BUGREPORT ""
| #define PACKAGE_URL ""
| #define STDC_HEADERS 1
| #define HAVE_SYS_TYPES_H 1
| #define HAVE_SYS_STAT_H 1
| #define HAVE_STDLIB_H 1
| #define HAVE_STRING_H 1
| #define HAVE_MEMORY_H 1
| #define HAVE_STRINGS_H 1
| #define HAVE_INTTYPES_H 1
| #define HAVE_STDINT_H 1
| #define HAVE_UNISTD_H 1
| #define __EXTENSIONS__ 1
| #define _ALL_SOURCE 1
| #define _GNU_SOURCE 1
| #define _POSIX_PTHREAD_SEMANTICS 1
| #define _TANDEM_SOURCE 1
| #define STDC_HEADERS 1
| #define HAVE_STRING_H 1
| #define HAVE_LIMITS_H 1
| #define HAVE_UNISTD_H 1
| #define HAVE_SYS_SOCKET_H 1
| #define HAVE_PWD_H 1
| #define HAVE_GRP_H 1
| #define HAVE_STRINGS_H 1
| /* end confdefs.h.  */
| #include <stdio.h>
| #ifdef HAVE_SYS_TYPES_H
| # include <sys/types.h>
| #endif
| #ifdef HAVE_SYS_STAT_H
| # include <sys/stat.h>
| #endif
| #ifdef STDC_HEADERS
| # include <stdlib.h>
| # include <stddef.h>
| #else
| # ifdef HAVE_STDLIB_H
| #  include <stdlib.h>
| # endif
| #endif
| #ifdef HAVE_STRING_H
| # if !defined STDC_HEADERS && defined HAVE_MEMORY_H
| #  include <memory.h>
| # endif
| # include <string.h>
| #endif
| #ifdef HAVE_STRINGS_H
| # include <strings.h>
| #endif
| #ifdef HAVE_INTTYPES_H
| # include <inttypes.h>
| #endif
| #ifdef HAVE_STDINT_H
| # include <stdint.h>
| #endif
| #ifdef HAVE_UNISTD_H
| # include <unistd.h>
| #endif
| #include <sys/prctl.h>
configure:7414: result: no
configure:7414: checking sys/prctl.h presence
configure:7414: gcc -E  -DDARWIN -DSIGPROCMASK_SETS_THREAD_MASK -no-cpp-precomp -DDARWIN_10 conftest.c
conftest.c:32:23: error: sys/prctl.h: No such file or directory
configure:7414: $? = 1
configure: failed program was:
| /* confdefs.h */
| #define PACKAGE_NAME ""
| #define PACKAGE_TARNAME ""
| #define PACKAGE_VERSION ""
| #define PACKAGE_STRING ""
| #define PACKAGE_BUGREPORT ""
| #define PACKAGE_URL ""
| #define STDC_HEADERS 1
| #define HAVE_SYS_TYPES_H 1
| #define HAVE_SYS_STAT_H 1
| #define HAVE_STDLIB_H 1
| #define HAVE_STRING_H 1
| #define HAVE_MEMORY_H 1
| #define HAVE_STRINGS_H 1
| #define HAVE_INTTYPES_H 1
| #define HAVE_STDINT_H 1
| #define HAVE_UNISTD_H 1
| #define __EXTENSIONS__ 1
| #define _ALL_SOURCE 1
| #define _GNU_SOURCE 1
| #define _POSIX_PTHREAD_SEMANTICS 1
| #define _TANDEM_SOURCE 1
| #define STDC_HEADERS 1
| #define HAVE_STRING_H 1
| #define HAVE_LIMITS_H 1
| #define HAVE_UNISTD_H 1
| #define HAVE_SYS_SOCKET_H 1
| #define HAVE_PWD_H 1
| #define HAVE_GRP_H 1
| #define HAVE_STRINGS_H 1
| /* end confdefs.h.  */
| #include <sys/prctl.h>
configure:7414: result: no
configure:7414: checking for sys/prctl.h
configure:7414: result: no
configure:7414: checking sys/processor.h usability
configure:7414: gcc  -std=gnu99 -c  -g -O2 -Wall -Wmissing-prototypes -Wstrict-prototypes -Wmissing-declarations  -DDARWIN -DSIGPROCMASK_SETS_THREAD_MASK -no-cpp-precomp -DDARWIN_10 conftest.c >&5
conftest.c:65:27: error: sys/processor.h: No such file or directory
configure:7414: $? = 1
configure: failed program was:
| /* confdefs.h */
| #define PACKAGE_NAME ""
| #define PACKAGE_TARNAME ""
| #define PACKAGE_VERSION ""
| #define PACKAGE_STRING ""
| #define PACKAGE_BUGREPORT ""
| #define PACKAGE_URL ""
| #define STDC_HEADERS 1
| #define HAVE_SYS_TYPES_H 1
| #define HAVE_SYS_STAT_H 1
| #define HAVE_STDLIB_H 1
| #define HAVE_STRING_H 1
| #define HAVE_MEMORY_H 1
| #define HAVE_STRINGS_H 1
| #define HAVE_INTTYPES_H 1
| #define HAVE_STDINT_H 1
| #define HAVE_UNISTD_H 1
| #define __EXTENSIONS__ 1
| #define _ALL_SOURCE 1
| #define _GNU_SOURCE 1
| #define _POSIX_PTHREAD_SEMANTICS 1
| #define _TANDEM_SOURCE 1
| #define STDC_HEADERS 1
| #define HAVE_STRING_H 1
| #define HAVE_LIMITS_H 1
| #define HAVE_UNISTD_H 1
| #define HAVE_SYS_SOCKET_H 1
| #define HAVE_PWD_H 1
| #define HAVE_GRP_H 1
| #define HAVE_STRINGS_H 1
| /* end confdefs.h.  */
| #include <stdio.h>
| #ifdef HAVE_SYS_TYPES_H
| # include <sys/types.h>
| #endif
| #ifdef HAVE_SYS_STAT_H
| # include <sys/stat.h>
| #endif
| #ifdef STDC_HEADERS
| # include <stdlib.h>
| # include <stddef.h>
| #else
| # ifdef HAVE_STDLIB_H
| #  include <stdlib.h>
| # endif
| #endif
| #ifdef HAVE_STRING_H
| # if !defined STDC_HEADERS && defined HAVE_MEMORY_H
| #  include <memory.h>
| # endif
| # include <string.h>
| #endif
| #ifdef HAVE_STRINGS_H
| # include <strings.h>
| #endif
| #ifdef HAVE_INTTYPES_H
| # include <inttypes.h>
| #endif
| #ifdef HAVE_STDINT_H
| # include <stdint.h>
| #endif
| #ifdef HAVE_UNISTD_H
| # include <unistd.h>
| #endif
| #include <sys/processor.h>
configure:7414: result: no
configure:7414: checking sys/processor.h presence
configure:7414: gcc -E  -DDARWIN -DSIGPROCMASK_SETS_THREAD_MASK -no-cpp-precomp -DDARWIN_10 conftest.c
conftest.c:32:27: error: sys/processor.h: No such file or directory
configure:7414: $? = 1
configure: failed program was:
| /* confdefs.h */
| #define PACKAGE_NAME ""
| #define PACKAGE_TARNAME ""
| #define PACKAGE_VERSION ""
| #define PACKAGE_STRING ""
| #define PACKAGE_BUGREPORT ""
| #define PACKAGE_URL ""
| #define STDC_HEADERS 1
| #define HAVE_SYS_TYPES_H 1
| #define HAVE_SYS_STAT_H 1
| #define HAVE_STDLIB_H 1
| #define HAVE_STRING_H 1
| #define HAVE_MEMORY_H 1
| #define HAVE_STRINGS_H 1
| #define HAVE_INTTYPES_H 1
| #define HAVE_STDINT_H 1
| #define HAVE_UNISTD_H 1
| #define __EXTENSIONS__ 1
| #define _ALL_SOURCE 1
| #define _GNU_SOURCE 1
| #define _POSIX_PTHREAD_SEMANTICS 1
| #define _TANDEM_SOURCE 1
| #define STDC_HEADERS 1
| #define HAVE_STRING_H 1
| #define HAVE_LIMITS_H 1
| #define HAVE_UNISTD_H 1
| #define HAVE_SYS_SOCKET_H 1
| #define HAVE_PWD_H 1
| #define HAVE_GRP_H 1
| #define HAVE_STRINGS_H 1
| /* end confdefs.h.  */
| #include <sys/processor.h>
configure:7414: result: no
configure:7414: checking for sys/processor.h
configure:7414: result: no
configure:7414: checking sys/sem.h usability
configure:7414: gcc  -std=gnu99 -c  -g -O2 -Wall -Wmissing-prototypes -Wstrict-prototypes -Wmissing-declarations  -DDARWIN -DSIGPROCMASK_SETS_THREAD_MASK -no-cpp-precomp -DDARWIN_10 conftest.c >&5
configure:7414: $? = 0
configure:7414: result: yes
configure:7414: checking sys/sem.h presence
configure:7414: gcc -E  -DDARWIN -DSIGPROCMASK_SETS_THREAD_MASK -no-cpp-precomp -DDARWIN_10 conftest.c
configure:7414: $? = 0
configure:7414: result: yes
configure:7414: checking for sys/sem.h
configure:7414: result: yes
configure:7414: checking sys/sdt.h usability
configure:7414: gcc  -std=gnu99 -c  -g -O2 -Wall -Wmissing-prototypes -Wstrict-prototypes -Wmissing-declarations  -DDARWIN -DSIGPROCMASK_SETS_THREAD_MASK -no-cpp-precomp -DDARWIN_10 conftest.c >&5
configure:7414: $? = 0
configure:7414: result: yes
configure:7414: checking sys/sdt.h presence
configure:7414: gcc -E  -DDARWIN -DSIGPROCMASK_SETS_THREAD_MASK -no-cpp-precomp -DDARWIN_10 conftest.c
configure:7414: $? = 0
configure:7414: result: yes
configure:7414: checking for sys/sdt.h
configure:7414: result: yes
configure:7424: checking for sys/wait.h that is POSIX.1 compatible
configure:7450: gcc  -std=gnu99 -c  -g -O2 -Wall -Wmissing-prototypes -Wstrict-prototypes -Wmissing-declarations  -DDARWIN -DSIGPROCMASK_SETS_THREAD_MASK -no-cpp-precomp -DDARWIN_10 conftest.c >&5
conftest.c:45: warning: function declaration isn't a prototype
configure:7450: $? = 0
configure:7457: result: yes
configure:7467: checking for an ANSI C-conforming const
configure:7533: gcc  -std=gnu99 -c  -g -O2 -Wall -Wmissing-prototypes -Wstrict-prototypes -Wmissing-declarations  -DDARWIN -DSIGPROCMASK_SETS_THREAD_MASK -no-cpp-precomp -DDARWIN_10 conftest.c >&5
conftest.c:38: warning: function declaration isn't a prototype
configure:7533: $? = 0
configure:7540: result: yes
configure:7551: checking for library containing sqrt
configure:7582: gcc  -std=gnu99 -o conftest  -g -O2 -Wall -Wmissing-prototypes -Wstrict-prototypes -Wmissing-declarations  -DDARWIN -DSIGPROCMASK_SETS_THREAD_MASK -no-cpp-precomp -DDARWIN_10   conftest.c  >&5
conftest.c:42: warning: function declaration isn't a prototype
conftest.c:42: warning: conflicting types for built-in function 'sqrt'
conftest.c:45: warning: function declaration isn't a prototype
configure:7582: $? = 0
configure:7599: result: none required
configure:7616: checking for library containing crypt
configure:7647: gcc  -std=gnu99 -o conftest  -g -O2 -Wall -Wmissing-prototypes -Wstrict-prototypes -Wmissing-declarations  -DDARWIN -DSIGPROCMASK_SETS_THREAD_MASK -no-cpp-precomp -DDARWIN_10   conftest.c  >&5
conftest.c:42: warning: function declaration isn't a prototype
conftest.c:45: warning: function declaration isn't a prototype
configure:7647: $? = 0
configure:7664: result: none required
configure:7692: checking for getpwnam
configure:7692: gcc  -std=gnu99 -o conftest  -g -O2 -Wall -Wmissing-prototypes -Wstrict-prototypes -Wmissing-declarations  -DDARWIN -DSIGPROCMASK_SETS_THREAD_MASK -no-cpp-precomp -DDARWIN_10   conftest.c  >&5
conftest.c:58: warning: function declaration isn't a prototype
conftest.c:68: warning: function declaration isn't a prototype
configure:7692: $? = 0
configure:7692: result: yes
configure:7692: checking for getgrnam
configure:7692: gcc  -std=gnu99 -o conftest  -g -O2 -Wall -Wmissing-prototypes -Wstrict-prototypes -Wmissing-declarations  -DDARWIN -DSIGPROCMASK_SETS_THREAD_MASK -no-cpp-precomp -DDARWIN_10   conftest.c  >&5
conftest.c:59: warning: function declaration isn't a prototype
conftest.c:69: warning: function declaration isn't a prototype
configure:7692: $? = 0
configure:7692: result: yes
configure:7692: checking for initgroups
configure:7692: gcc  -std=gnu99 -o conftest  -g -O2 -Wall -Wmissing-prototypes -Wstrict-prototypes -Wmissing-declarations  -DDARWIN -DSIGPROCMASK_SETS_THREAD_MASK -no-cpp-precomp -DDARWIN_10   conftest.c  >&5
conftest.c:60: warning: function declaration isn't a prototype
conftest.c:70: warning: function declaration isn't a prototype
configure:7692: $? = 0
configure:7692: result: yes
configure:7692: checking for bindprocessor
configure:7692: gcc  -std=gnu99 -o conftest  -g -O2 -Wall -Wmissing-prototypes -Wstrict-prototypes -Wmissing-declarations  -DDARWIN -DSIGPROCMASK_SETS_THREAD_MASK -no-cpp-precomp -DDARWIN_10   conftest.c  >&5
conftest.c:61: warning: function declaration isn't a prototype
conftest.c:71: warning: function declaration isn't a prototype
Undefined symbols for architecture x86_64:
  "_bindprocessor", referenced from:
      _main in cc96cAbN.o
ld: symbol(s) not found for architecture x86_64
collect2: ld returned 1 exit status
configure:7692: $? = 1
configure: failed program was:
| /* confdefs.h */
| #define PACKAGE_NAME ""
| #define PACKAGE_TARNAME ""
| #define PACKAGE_VERSION ""
| #define PACKAGE_STRING ""
| #define PACKAGE_BUGREPORT ""
| #define PACKAGE_URL ""
| #define STDC_HEADERS 1
| #define HAVE_SYS_TYPES_H 1
| #define HAVE_SYS_STAT_H 1
| #define HAVE_STDLIB_H 1
| #define HAVE_STRING_H 1
| #define HAVE_MEMORY_H 1
| #define HAVE_STRINGS_H 1
| #define HAVE_INTTYPES_H 1
| #define HAVE_STDINT_H 1
| #define HAVE_UNISTD_H 1
| #define __EXTENSIONS__ 1
| #define _ALL_SOURCE 1
| #define _GNU_SOURCE 1
| #define _POSIX_PTHREAD_SEMANTICS 1
| #define _TANDEM_SOURCE 1
| #define STDC_HEADERS 1
| #define HAVE_STRING_H 1
| #define HAVE_LIMITS_H 1
| #define HAVE_UNISTD_H 1
| #define HAVE_SYS_SOCKET_H 1
| #define HAVE_PWD_H 1
| #define HAVE_GRP_H 1
| #define HAVE_STRINGS_H 1
| #define HAVE_SYS_SEM_H 1
| #define HAVE_SYS_SDT_H 1
| #define HAVE_SYS_WAIT_H 1
| #define HAVE_GETPWNAM 1
| #define HAVE_GETGRNAM 1
| #define HAVE_INITGROUPS 1
| /* end confdefs.h.  */
| /* Define bindprocessor to an innocuous variant, in case <limits.h> declares bindprocessor.
|    For example, HP-UX 11i <limits.h> declares gettimeofday.  */
| #define bindprocessor innocuous_bindprocessor
| 
| /* System header to define __stub macros and hopefully few prototypes,
|     which can conflict with char bindprocessor (); below.
|     Prefer <limits.h> to <assert.h> if __STDC__ is defined, since
|     <limits.h> exists even on freestanding compilers.  */
| 
| #ifdef __STDC__
| # include <limits.h>
| #else
| # include <assert.h>
| #endif
| 
| #undef bindprocessor
| 
| /* Override any GCC internal prototype to avoid an error.
|    Use char because int might match the return type of a GCC
|    builtin and then its argument prototype would still apply.  */
| #ifdef __cplusplus
| extern "C"
| #endif
| char bindprocessor ();
| /* The GNU C library defines this for functions which it implements
|     to always fail with ENOSYS.  Some functions are actually named
|     something starting with __ and the normal name is an alias.  */
| #if defined __stub_bindprocessor || defined __stub___bindprocessor
| choke me
| #endif
| 
| int
| main ()
| {
| return bindprocessor ();
|   ;
|   return 0;
| }
configure:7692: result: no
configure:7692: checking for prctl
configure:7692: gcc  -std=gnu99 -o conftest  -g -O2 -Wall -Wmissing-prototypes -Wstrict-prototypes -Wmissing-declarations  -DDARWIN -DSIGPROCMASK_SETS_THREAD_MASK -no-cpp-precomp -DDARWIN_10   conftest.c  >&5
conftest.c:61: warning: function declaration isn't a prototype
conftest.c:71: warning: function declaration isn't a prototype
Undefined symbols for architecture x86_64:
  "_prctl", referenced from:
      _main in ccVMHlP9.o
ld: symbol(s) not found for architecture x86_64
collect2: ld returned 1 exit status
configure:7692: $? = 1
configure: failed program was:
| /* confdefs.h */
| #define PACKAGE_NAME ""
| #define PACKAGE_TARNAME ""
| #define PACKAGE_VERSION ""
| #define PACKAGE_STRING ""
| #define PACKAGE_BUGREPORT ""
| #define PACKAGE_URL ""
| #define STDC_HEADERS 1
| #define HAVE_SYS_TYPES_H 1
| #define HAVE_SYS_STAT_H 1
| #define HAVE_STDLIB_H 1
| #define HAVE_STRING_H 1
| #define HAVE_MEMORY_H 1
| #define HAVE_STRINGS_H 1
| #define HAVE_INTTYPES_H 1
| #define HAVE_STDINT_H 1
| #define HAVE_UNISTD_H 1
| #define __EXTENSIONS__ 1
| #define _ALL_SOURCE 1
| #define _GNU_SOURCE 1
| #define _POSIX_PTHREAD_SEMANTICS 1
| #define _TANDEM_SOURCE 1
| #define STDC_HEADERS 1
| #define HAVE_STRING_H 1
| #define HAVE_LIMITS_H 1
| #define HAVE_UNISTD_H 1
| #define HAVE_SYS_SOCKET_H 1
| #define HAVE_PWD_H 1
| #define HAVE_GRP_H 1
| #define HAVE_STRINGS_H 1
| #define HAVE_SYS_SEM_H 1
| #define HAVE_SYS_SDT_H 1
| #define HAVE_SYS_WAIT_H 1
| #define HAVE_GETPWNAM 1
| #define HAVE_GETGRNAM 1
| #define HAVE_INITGROUPS 1
| /* end confdefs.h.  */
| /* Define prctl to an innocuous variant, in case <limits.h> declares prctl.
|    For example, HP-UX 11i <limits.h> declares gettimeofday.  */
| #define prctl innocuous_prctl
| 
| /* System header to define __stub macros and hopefully few prototypes,
|     which can conflict with char prctl (); below.
|     Prefer <limits.h> to <assert.h> if __STDC__ is defined, since
|     <limits.h> exists even on freestanding compilers.  */
| 
| #ifdef __STDC__
| # include <limits.h>
| #else
| # include <assert.h>
| #endif
| 
| #undef prctl
| 
| /* Override any GCC internal prototype to avoid an error.
|    Use char because int might match the return type of a GCC
|    builtin and then its argument prototype would still apply.  */
| #ifdef __cplusplus
| extern "C"
| #endif
| char prctl ();
| /* The GNU C library defines this for functions which it implements
|     to always fail with ENOSYS.  Some functions are actually named
|     something starting with __ and the normal name is an alias.  */
| #if defined __stub_prctl || defined __stub___prctl
| choke me
| #endif
| 
| int
| main ()
| {
| return prctl ();
|   ;
|   return 0;
| }
configure:7692: result: no
configure:7692: checking for timegm
configure:7692: gcc  -std=gnu99 -o conftest  -g -O2 -Wall -Wmissing-prototypes -Wstrict-prototypes -Wmissing-declarations  -DDARWIN -DSIGPROCMASK_SETS_THREAD_MASK -no-cpp-precomp -DDARWIN_10   conftest.c  >&5
conftest.c:61: warning: function declaration isn't a prototype
conftest.c:71: warning: function declaration isn't a prototype
configure:7692: $? = 0
configure:7692: result: yes
configure:7692: checking for getpgid
configure:7692: gcc  -std=gnu99 -o conftest  -g -O2 -Wall -Wmissing-prototypes -Wstrict-prototypes -Wmissing-declarations  -DDARWIN -DSIGPROCMASK_SETS_THREAD_MASK -no-cpp-precomp -DDARWIN_10   conftest.c  >&5
conftest.c:62: warning: function declaration isn't a prototype
conftest.c:72: warning: function declaration isn't a prototype
configure:7692: $? = 0
configure:7692: result: yes
configure:7692: checking for fopen64
configure:7692: gcc  -std=gnu99 -o conftest  -g -O2 -Wall -Wmissing-prototypes -Wstrict-prototypes -Wmissing-declarations  -DDARWIN -DSIGPROCMASK_SETS_THREAD_MASK -no-cpp-precomp -DDARWIN_10   conftest.c  >&5
conftest.c:63: warning: function declaration isn't a prototype
conftest.c:73: warning: function declaration isn't a prototype
Undefined symbols for architecture x86_64:
  "_fopen64", referenced from:
      _main in ccEa1qsT.o
ld: symbol(s) not found for architecture x86_64
collect2: ld returned 1 exit status
configure:7692: $? = 1
configure: failed program was:
| /* confdefs.h */
| #define PACKAGE_NAME ""
| #define PACKAGE_TARNAME ""
| #define PACKAGE_VERSION ""
| #define PACKAGE_STRING ""
| #define PACKAGE_BUGREPORT ""
| #define PACKAGE_URL ""
| #define STDC_HEADERS 1
| #define HAVE_SYS_TYPES_H 1
| #define HAVE_SYS_STAT_H 1
| #define HAVE_STDLIB_H 1
| #define HAVE_STRING_H 1
| #define HAVE_MEMORY_H 1
| #define HAVE_STRINGS_H 1
| #define HAVE_INTTYPES_H 1
| #define HAVE_STDINT_H 1
| #define HAVE_UNISTD_H 1
| #define __EXTENSIONS__ 1
| #define _ALL_SOURCE 1
| #define _GNU_SOURCE 1
| #define _POSIX_PTHREAD_SEMANTICS 1
| #define _TANDEM_SOURCE 1
| #define STDC_HEADERS 1
| #define HAVE_STRING_H 1
| #define HAVE_LIMITS_H 1
| #define HAVE_UNISTD_H 1
| #define HAVE_SYS_SOCKET_H 1
| #define HAVE_PWD_H 1
| #define HAVE_GRP_H 1
| #define HAVE_STRINGS_H 1
| #define HAVE_SYS_SEM_H 1
| #define HAVE_SYS_SDT_H 1
| #define HAVE_SYS_WAIT_H 1
| #define HAVE_GETPWNAM 1
| #define HAVE_GETGRNAM 1
| #define HAVE_INITGROUPS 1
| #define HAVE_TIMEGM 1
| #define HAVE_GETPGID 1
| /* end confdefs.h.  */
| /* Define fopen64 to an innocuous variant, in case <limits.h> declares fopen64.
|    For example, HP-UX 11i <limits.h> declares gettimeofday.  */
| #define fopen64 innocuous_fopen64
| 
| /* System header to define __stub macros and hopefully few prototypes,
|     which can conflict with char fopen64 (); below.
|     Prefer <limits.h> to <assert.h> if __STDC__ is defined, since
|     <limits.h> exists even on freestanding compilers.  */
| 
| #ifdef __STDC__
| # include <limits.h>
| #else
| # include <assert.h>
| #endif
| 
| #undef fopen64
| 
| /* Override any GCC internal prototype to avoid an error.
|    Use char because int might match the return type of a GCC
|    builtin and then its argument prototype would still apply.  */
| #ifdef __cplusplus
| extern "C"
| #endif
| char fopen64 ();
| /* The GNU C library defines this for functions which it implements
|     to always fail with ENOSYS.  Some functions are actually named
|     something starting with __ and the normal name is an alias.  */
| #if defined __stub_fopen64 || defined __stub___fopen64
| choke me
| #endif
| 
| int
| main ()
| {
| return fopen64 ();
|   ;
|   return 0;
| }
configure:7692: result: no
configure:7704: checking for void pointer length
configure:7720: gcc  -std=gnu99 -o conftest  -g -O2 -Wall -Wmissing-prototypes -Wstrict-prototypes -Wmissing-declarations  -DDARWIN -DSIGPROCMASK_SETS_THREAD_MASK -no-cpp-precomp -DDARWIN_10   conftest.c  >&5
configure:7720: $? = 0
configure:7720: ./conftest
configure:7720: $? = 0
configure:7730: result: no
configure:7738: checking for gettid()
configure:7755: gcc  -std=gnu99 -o conftest  -g -O2 -Wall -Wmissing-prototypes -Wstrict-prototypes -Wmissing-declarations  -DDARWIN -DSIGPROCMASK_SETS_THREAD_MASK -no-cpp-precomp -DDARWIN_10   conftest.c  >&5
conftest.c:40:1: warning: "_GNU_SOURCE" redefined
conftest.c:20:1: warning: this is the location of the previous definition
configure:7755: $? = 0
configure:7755: ./conftest
configure:7755: $? = 1
configure: program exited with status 1
configure: failed program was:
| /* confdefs.h */
| #define PACKAGE_NAME ""
| #define PACKAGE_TARNAME ""
| #define PACKAGE_VERSION ""
| #define PACKAGE_STRING ""
| #define PACKAGE_BUGREPORT ""
| #define PACKAGE_URL ""
| #define STDC_HEADERS 1
| #define HAVE_SYS_TYPES_H 1
| #define HAVE_SYS_STAT_H 1
| #define HAVE_STDLIB_H 1
| #define HAVE_STRING_H 1
| #define HAVE_MEMORY_H 1
| #define HAVE_STRINGS_H 1
| #define HAVE_INTTYPES_H 1
| #define HAVE_STDINT_H 1
| #define HAVE_UNISTD_H 1
| #define __EXTENSIONS__ 1
| #define _ALL_SOURCE 1
| #define _GNU_SOURCE 1
| #define _POSIX_PTHREAD_SEMANTICS 1
| #define _TANDEM_SOURCE 1
| #define STDC_HEADERS 1
| #define HAVE_STRING_H 1
| #define HAVE_LIMITS_H 1
| #define HAVE_UNISTD_H 1
| #define HAVE_SYS_SOCKET_H 1
| #define HAVE_PWD_H 1
| #define HAVE_GRP_H 1
| #define HAVE_STRINGS_H 1
| #define HAVE_SYS_SEM_H 1
| #define HAVE_SYS_SDT_H 1
| #define HAVE_SYS_WAIT_H 1
| #define HAVE_GETPWNAM 1
| #define HAVE_GETGRNAM 1
| #define HAVE_INITGROUPS 1
| #define HAVE_TIMEGM 1
| #define HAVE_GETPGID 1
| /* end confdefs.h.  */
| #define _GNU_SOURCE
| #include <unistd.h>
| #include <sys/syscall.h>
| #include <sys/types.h>
| int main(int argc, char **argv) {
| pid_t t = syscall(SYS_gettid); return t == -1 ? 1 : 0; }
configure:7765: result: no
configure:7773: checking for tm_gmtoff in struct tm
configure:7790: gcc  -std=gnu99 -c  -g -O2 -Wall -Wmissing-prototypes -Wstrict-prototypes -Wmissing-declarations  -DDARWIN -DSIGPROCMASK_SETS_THREAD_MASK -no-cpp-precomp -DDARWIN_10 conftest.c >&5
conftest.c:44: warning: function declaration isn't a prototype
conftest.c: In function 'main':
conftest.c:45: warning: statement with no effect
configure:7790: $? = 0
configure:7797: result: yes
configure:8001: checking whether gcc accepts -Wdeclaration-after-statement
configure:8013: gcc  -std=gnu99 -c  -g -O2 -Wall -Wmissing-prototypes -Wstrict-prototypes -Wmissing-declarations -Wpointer-arith -Wdeclaration-after-statement  -DDARWIN -DSIGPROCMASK_SETS_THREAD_MASK -no-cpp-precomp -DDARWIN_10 -DAP_DEBUG conftest.c >&5
conftest.c:41: warning: function declaration isn't a prototype
configure:8013: $? = 0
configure:8022: result: yes
configure:8053: checking whether gcc accepts -Werror=declaration-after-statement
configure:8065: gcc  -std=gnu99 -c  -g -O2 -Wall -Wmissing-prototypes -Wstrict-prototypes -Wmissing-declarations -Wpointer-arith -Wdeclaration-after-statement -Werror=declaration-after-statement  -DDARWIN -DSIGPROCMASK_SETS_THREAD_MASK -no-cpp-precomp -DDARWIN_10 -DAP_DEBUG conftest.c >&5
conftest.c:41: warning: function declaration isn't a prototype
configure:8065: $? = 0
configure:8074: result: yes
configure:8105: checking whether gcc accepts -Wformat
configure:8117: gcc  -std=gnu99 -c  -g -O2 -Wall -Wmissing-prototypes -Wstrict-prototypes -Wmissing-declarations -Wpointer-arith -Wdeclaration-after-statement -Werror=declaration-after-statement -Wformat  -DDARWIN -DSIGPROCMASK_SETS_THREAD_MASK -no-cpp-precomp -DDARWIN_10 -DAP_DEBUG conftest.c >&5
conftest.c:41: warning: function declaration isn't a prototype
configure:8117: $? = 0
configure:8126: result: yes
configure:8157: checking whether gcc accepts -Wformat-security
configure:8169: gcc  -std=gnu99 -c  -g -O2 -Wall -Wmissing-prototypes -Wstrict-prototypes -Wmissing-declarations -Wpointer-arith -Wdeclaration-after-statement -Werror=declaration-after-statement -Wformat -Wformat-security  -DDARWIN -DSIGPROCMASK_SETS_THREAD_MASK -no-cpp-precomp -DDARWIN_10 -DAP_DEBUG conftest.c >&5
conftest.c:41: warning: function declaration isn't a prototype
configure:8169: $? = 0
configure:8178: result: yes
configure:8209: checking whether gcc accepts -Werror=format-security
configure:8221: gcc  -std=gnu99 -c  -g -O2 -Wall -Wmissing-prototypes -Wstrict-prototypes -Wmissing-declarations -Wpointer-arith -Wdeclaration-after-statement -Werror=declaration-after-statement -Wformat -Wformat-security -Werror=format-security  -DDARWIN -DSIGPROCMASK_SETS_THREAD_MASK -no-cpp-precomp -DDARWIN_10 -DAP_DEBUG conftest.c >&5
conftest.c:41: warning: function declaration isn't a prototype
configure:8221: $? = 0
configure:8230: result: yes
configure:8283: Maintainer mode setting "LOAD_ALL_MODULES" to yes
configure:8781: checking whether to enable mod_authn_file
configure:8834: result: static
configure:8915: checking whether to enable mod_authn_dbm
configure:8968: result: static (most)
configure:9049: checking whether to enable mod_authn_anon
configure:9102: result: static (most)
configure:9183: checking whether to enable mod_authn_dbd
configure:9236: result: static (most)
configure:9317: checking whether to enable mod_authn_socache
configure:9370: result: static (most)
configure:9452: checking whether to enable mod_authn_core
configure:9505: result: static
configure:9587: checking whether to enable mod_authz_host
configure:9640: result: static
configure:9721: checking whether to enable mod_authz_groupfile
configure:9774: result: static
configure:9855: checking whether to enable mod_authz_user
configure:9908: result: static
configure:9989: checking whether to enable mod_authz_dbm
configure:10042: result: static (most)
configure:10123: checking whether to enable mod_authz_owner
configure:10176: result: static (most)
configure:10257: checking whether to enable mod_authz_dbd
configure:10310: result: static (most)
configure:10392: checking whether to enable mod_authz_core
configure:10445: result: static
configure:10527: checking whether to enable mod_authnz_ldap
configure:10578: result: checking dependencies
configure:10583: checking for ldap support in apr/apr-util
configure:10611: result: no
configure:10643: WARNING: apr/apr-util is compiled without ldap support
configure:10649: checking whether to enable mod_authnz_ldap
configure:10659: result: no (disabled)
configure:10741: checking whether to enable mod_access_compat
configure:10794: result: static
configure:10877: checking whether to enable mod_auth_basic
configure:10930: result: static
configure:11011: checking whether to enable mod_auth_form
configure:11064: result: static (most)
configure:11145: checking whether to enable mod_auth_digest
configure:11196: result: checking dependencies
configure:11229: checking whether to enable mod_auth_digest
configure:11239: result: static (most)
configure:11321: checking whether to enable mod_allowmethods
configure:11374: result: static (most)
configure:11511: checking whether to enable mod_apreq
configure:11564: result: static (most)
configure:11679: checking whether to enable mod_isapi
configure:11732: result: no
configure:11847: checking whether to enable mod_file_cache
configure:11900: result: static (most)
configure:11993: checking whether to enable mod_cache
configure:12046: result: static (most)
configure:12127: checking whether to enable mod_cache_disk
configure:12178: result: checking dependencies
configure:12191: checking whether to enable mod_cache_disk
configure:12201: result: static (most)
configure:12285: checking whether to enable mod_socache_shmcb
configure:12338: result: static (most)
configure:12419: checking whether to enable mod_socache_dbm
configure:12472: result: static (most)
configure:12553: checking whether to enable mod_socache_memcache
configure:12606: result: static (most)
configure:12687: checking whether to enable mod_socache_dc
configure:13053: result: no
configure:13272: checking whether to enable mod_so
configure:13325: result: static
configure:13407: checking whether to enable mod_watchdog
configure:13501: result: no
configure:13637: checking whether to enable mod_dbd
configure:13690: result: static (most)
configure:13826: checking whether to enable mod_bucketeer
configure:13879: result: no
configure:13960: checking whether to enable mod_dumpio
configure:14013: result: static (most)
configure:14094: checking whether to enable mod_firehose
configure:14147: result: static (most)
configure:14262: checking whether to enable mod_echo
configure:14315: result: no
configure:14429: checking whether to enable mod_example_hooks
configure:14482: result: no
configure:14563: checking whether to enable mod_case_filter
configure:14616: result: no
configure:14697: checking whether to enable mod_case_filter_in
configure:14750: result: no
configure:14831: checking whether to enable mod_example_ipc
configure:14884: result: no
configure:15031: checking whether to enable mod_buffer
configure:15084: result: static (most)
configure:15165: checking whether to enable mod_data
configure:15218: result: no
configure:15299: checking whether to enable mod_ratelimit
configure:15352: result: static (most)
configure:15433: checking whether to enable mod_reqtimeout
configure:15486: result: static
configure:15567: checking whether to enable mod_ext_filter
configure:15620: result: static (most)
configure:15701: checking whether to enable mod_request
configure:15754: result: static (most)
configure:15835: checking whether to enable mod_include
configure:15888: result: static (most)
configure:15969: checking whether to enable mod_filter
configure:16022: result: static
configure:16103: checking whether to enable mod_reflector
configure:16156: result: no
configure:16237: checking whether to enable mod_substitute
configure:16290: result: static
configure:16373: checking whether to enable mod_sed
configure:16424: result: checking dependencies
configure:16455: checking whether to enable mod_sed
configure:16465: result: static (most)
configure:16685: checking whether to enable mod_charset_lite
configure:16738: result: no
configure:16822: checking whether to enable mod_deflate
configure:16873: result: checking dependencies
configure:16889: checking for zlib location
configure:16910: result: /usr/local
configure:17071: checking for zlib library
configure:17084: gcc  -std=gnu99 -o conftest  -g -O2 -Wall -Wmissing-prototypes -Wstrict-prototypes -Wmissing-declarations -Wpointer-arith -Wdeclaration-after-statement -Werror=declaration-after-statement -Wformat -Wformat-security -Werror=format-security  -DDARWIN -DSIGPROCMASK_SETS_THREAD_MASK -no-cpp-precomp -DDARWIN_10 -DAP_DEBUG -I. -I$(top_srcdir)/os/$(OS_DIR) -I$(top_srcdir)/include -I/Users/jim/src/asf/code/dev/httpd-trunk/srclib/apr/include -I/Users/jim/src/asf/code/dev/httpd-trunk/srclib/apr-util/include -I/usr/local/include -I$(top_srcdir)/modules/aaa -I$(top_srcdir)/modules/cache -I$(top_srcdir)/modules/core -I$(top_srcdir)/modules/database   -L/usr/local/lib conftest.c -lz >&5
conftest.c:44: warning: function declaration isn't a prototype
conftest.c: In function 'main':
conftest.c:45: warning: unused variable 'i'
configure:17084: $? = 0
configure:17085: result: found
configure:17148: checking whether to enable mod_deflate
configure:17158: result: static (most)
configure:17242: checking whether to enable mod_xml2enc
configure:17391: result: no
configure:17472: checking whether to enable mod_proxy_html
configure:17622: result: no
configure:17766: checking whether to enable mod_http
configure:17819: result: static
configure:17900: checking whether to enable mod_mime
configure:17953: result: static
configure:18069: checking whether to enable mod_ldap
configure:18120: result: checking dependencies
configure:18125: checking for ldap support in apr/apr-util
configure:18153: result: no
configure:18185: WARNING: apr/apr-util is compiled without ldap support
configure:18191: checking whether to enable mod_ldap
configure:18201: result: no (disabled)
configure:18338: checking whether to enable mod_log_config
configure:18391: result: static
configure:18472: checking whether to enable mod_log_debug
configure:18525: result: static (most)
configure:18606: checking whether to enable mod_log_forensic
configure:18659: result: no
configure:18766: checking whether to enable mod_logio
configure:18819: result: static (most)
configure:18959: checking whether to enable mod_lua
configure:19609: result: no
configure:19746: checking whether to enable mod_env
configure:19799: result: static
configure:19880: checking whether to enable mod_mime_magic
configure:19933: result: no
configure:20014: checking whether to enable mod_cern_meta
configure:20067: result: no
configure:20148: checking whether to enable mod_expires
configure:20201: result: static (most)
configure:20282: checking whether to enable mod_headers
configure:20335: result: static
configure:20416: checking whether to enable mod_ident
configure:20469: result: no
configure:20551: checking whether to enable mod_usertrack
configure:20641: result: no
configure:20723: checking whether to enable mod_unique_id
configure:20776: result: static (most)
configure:20857: checking whether to enable mod_setenvif
configure:20910: result: static
configure:20991: checking whether to enable mod_version
configure:21044: result: static
configure:21125: checking whether to enable mod_remoteip
configure:21178: result: static (most)
configure:21301: checking whether to enable mod_proxy
configure:21354: result: static
configure:21460: checking whether to enable mod_proxy_connect
configure:21511: result: checking dependencies
configure:21524: checking whether to enable mod_proxy_connect
configure:21534: result: static
configure:21615: checking whether to enable mod_proxy_ftp
configure:21666: result: checking dependencies
configure:21679: checking whether to enable mod_proxy_ftp
configure:21689: result: static
configure:21770: checking whether to enable mod_proxy_http
configure:21821: result: checking dependencies
configure:21834: checking whether to enable mod_proxy_http
configure:21844: result: static
configure:21925: checking whether to enable mod_proxy_fcgi
configure:21976: result: checking dependencies
configure:21989: checking whether to enable mod_proxy_fcgi
configure:21999: result: static
configure:22080: checking whether to enable mod_proxy_scgi
configure:22131: result: checking dependencies
configure:22144: checking whether to enable mod_proxy_scgi
configure:22154: result: static
configure:22235: checking whether to enable mod_proxy_fdpass
configure:22324: result: no
configure:22405: checking whether to enable mod_proxy_ajp
configure:22456: result: checking dependencies
configure:22469: checking whether to enable mod_proxy_ajp
configure:22479: result: static
configure:22560: checking whether to enable mod_proxy_balancer
configure:22611: result: checking dependencies
configure:22624: checking whether to enable mod_proxy_balancer
configure:22634: result: static
configure:22716: checking whether to enable mod_serf
configure:22931: result: no
configure:23013: checking whether to enable mod_proxy_express
configure:23064: result: checking dependencies
configure:23077: checking whether to enable mod_proxy_express
configure:23087: result: static
configure:23246: checking whether to enable mod_session
configure:23299: result: static (most)
configure:23380: checking whether to enable mod_session_cookie
configure:23431: result: checking dependencies
configure:23444: checking whether to enable mod_session_cookie
configure:23454: result: static (most)
configure:23558: gcc  -std=gnu99 -c  -g -O2 -Wall -Wmissing-prototypes -Wstrict-prototypes -Wmissing-declarations -Wpointer-arith -Wdeclaration-after-statement -Werror=declaration-after-statement -Wformat -Wformat-security -Werror=format-security  -DDARWIN -DSIGPROCMASK_SETS_THREAD_MASK -no-cpp-precomp -DDARWIN_10 -DAP_DEBUG  -I/Users/jim/src/asf/code/dev/httpd-trunk/srclib/apr/include   -I/Users/jim/src/asf/code/dev/httpd-trunk/srclib/apr-util/include  conftest.c >&5
conftest.c:44: warning: function declaration isn't a prototype
conftest.c:47:2: error: #error no crypto support
configure:23558: $? = 1
configure: failed program was:
| /* confdefs.h */
| #define PACKAGE_NAME ""
| #define PACKAGE_TARNAME ""
| #define PACKAGE_VERSION ""
| #define PACKAGE_STRING ""
| #define PACKAGE_BUGREPORT ""
| #define PACKAGE_URL ""
| #define STDC_HEADERS 1
| #define HAVE_SYS_TYPES_H 1
| #define HAVE_SYS_STAT_H 1
| #define HAVE_STDLIB_H 1
| #define HAVE_STRING_H 1
| #define HAVE_MEMORY_H 1
| #define HAVE_STRINGS_H 1
| #define HAVE_INTTYPES_H 1
| #define HAVE_STDINT_H 1
| #define HAVE_UNISTD_H 1
| #define __EXTENSIONS__ 1
| #define _ALL_SOURCE 1
| #define _GNU_SOURCE 1
| #define _POSIX_PTHREAD_SEMANTICS 1
| #define _TANDEM_SOURCE 1
| #define STDC_HEADERS 1
| #define HAVE_STRING_H 1
| #define HAVE_LIMITS_H 1
| #define HAVE_UNISTD_H 1
| #define HAVE_SYS_SOCKET_H 1
| #define HAVE_PWD_H 1
| #define HAVE_GRP_H 1
| #define HAVE_STRINGS_H 1
| #define HAVE_SYS_SEM_H 1
| #define HAVE_SYS_SDT_H 1
| #define HAVE_SYS_WAIT_H 1
| #define HAVE_GETPWNAM 1
| #define HAVE_GETGRNAM 1
| #define HAVE_INITGROUPS 1
| #define HAVE_TIMEGM 1
| #define HAVE_GETPGID 1
| #define HAVE_GMTOFF 1
| /* end confdefs.h.  */
| #include <apr_crypto.h>
| int
| main ()
| {
| 
| #if APU_HAVE_CRYPTO == 0
| #error no crypto support
| #endif
| 
|   ;
|   return 0;
| }
configure:23566: WARNING: Your APR does not include SSL/EVP support. To enable it: configure --with-crypto
configure:23575: checking whether to enable mod_session_crypto
configure:23653: result: no
configure:23735: checking whether to enable mod_session_dbd
configure:23786: result: checking dependencies
configure:23799: checking whether to enable mod_session_dbd
configure:23809: result: static (most)
configure:23947: checking whether to enable mod_slotmem_shm
configure:24000: result: static (most)
configure:24081: checking whether to enable mod_slotmem_plain
configure:24134: result: no
configure:24249: checking whether to enable mod_ssl
configure:24300: result: checking dependencies
configure:24305: checking for OpenSSL
configure:24316: checking for user-provided OpenSSL base directory
configure:24329: result: none
configure:24613: checking for OpenSSL version >= 0.9.7
configure:24632: gcc  -std=gnu99 -c  -g -O2 -Wall -Wmissing-prototypes -Wstrict-prototypes -Wmissing-declarations -Wpointer-arith -Wdeclaration-after-statement -Werror=declaration-after-statement -Wformat -Wformat-security -Werror=format-security  -DDARWIN -DSIGPROCMASK_SETS_THREAD_MASK -no-cpp-precomp -DDARWIN_10 -DAP_DEBUG -I/opt/local/include conftest.c >&5
conftest.c:44: warning: function declaration isn't a prototype
configure:24632: $? = 0
configure:24633: result: OK
configure:24702: checking openssl/engine.h usability
configure:24702: gcc  -std=gnu99 -c  -g -O2 -Wall -Wmissing-prototypes -Wstrict-prototypes -Wmissing-declarations -Wpointer-arith -Wdeclaration-after-statement -Werror=declaration-after-statement -Wformat -Wformat-security -Werror=format-security  -DDARWIN -DSIGPROCMASK_SETS_THREAD_MASK -no-cpp-precomp -DDARWIN_10 -DAP_DEBUG -I/opt/local/include conftest.c >&5
configure:24702: $? = 0
configure:24702: result: yes
configure:24702: checking openssl/engine.h presence
configure:24702: gcc -E  -DDARWIN -DSIGPROCMASK_SETS_THREAD_MASK -no-cpp-precomp -DDARWIN_10 -DAP_DEBUG -I/opt/local/include conftest.c
configure:24702: $? = 0
configure:24702: result: yes
configure:24702: checking for openssl/engine.h
configure:24702: result: yes
configure:24715: checking for SSLeay_version
configure:24715: gcc  -std=gnu99 -o conftest  -g -O2 -Wall -Wmissing-prototypes -Wstrict-prototypes -Wmissing-declarations -Wpointer-arith -Wdeclaration-after-statement -Werror=declaration-after-statement -Wformat -Wformat-security -Werror=format-security  -DDARWIN -DSIGPROCMASK_SETS_THREAD_MASK -no-cpp-precomp -DDARWIN_10 -DAP_DEBUG -I/opt/local/include   -L/opt/local/lib conftest.c -lssl -lcrypto  -lpthread >&5
conftest.c:65: warning: function declaration isn't a prototype
conftest.c:75: warning: function declaration isn't a prototype
configure:24715: $? = 0
configure:24715: result: yes
configure:24715: checking for SSL_CTX_new
configure:24715: gcc  -std=gnu99 -o conftest  -g -O2 -Wall -Wmissing-prototypes -Wstrict-prototypes -Wmissing-declarations -Wpointer-arith -Wdeclaration-after-statement -Werror=declaration-after-statement -Wformat -Wformat-security -Werror=format-security  -DDARWIN -DSIGPROCMASK_SETS_THREAD_MASK -no-cpp-precomp -DDARWIN_10 -DAP_DEBUG -I/opt/local/include   -L/opt/local/lib conftest.c -lssl -lcrypto  -lpthread >&5
conftest.c:66: warning: function declaration isn't a prototype
conftest.c:76: warning: function declaration isn't a prototype
configure:24715: $? = 0
configure:24715: result: yes
configure:24729: checking for ENGINE_init
configure:24729: gcc  -std=gnu99 -o conftest  -g -O2 -Wall -Wmissing-prototypes -Wstrict-prototypes -Wmissing-declarations -Wpointer-arith -Wdeclaration-after-statement -Werror=declaration-after-statement -Wformat -Wformat-security -Werror=format-security  -DDARWIN -DSIGPROCMASK_SETS_THREAD_MASK -no-cpp-precomp -DDARWIN_10 -DAP_DEBUG -I/opt/local/include   -L/opt/local/lib conftest.c -lssl -lcrypto  -lpthread >&5
conftest.c:67: warning: function declaration isn't a prototype
conftest.c:77: warning: function declaration isn't a prototype
configure:24729: $? = 0
configure:24729: result: yes
configure:24729: checking for ENGINE_load_builtin_engines
configure:24729: gcc  -std=gnu99 -o conftest  -g -O2 -Wall -Wmissing-prototypes -Wstrict-prototypes -Wmissing-declarations -Wpointer-arith -Wdeclaration-after-statement -Werror=declaration-after-statement -Wformat -Wformat-security -Werror=format-security  -DDARWIN -DSIGPROCMASK_SETS_THREAD_MASK -no-cpp-precomp -DDARWIN_10 -DAP_DEBUG -I/opt/local/include   -L/opt/local/lib conftest.c -lssl -lcrypto  -lpthread >&5
conftest.c:68: warning: function declaration isn't a prototype
conftest.c:78: warning: function declaration isn't a prototype
configure:24729: $? = 0
configure:24729: result: yes
configure:24752: result: yes
configure:24791: checking whether to enable mod_ssl
configure:24801: result: static (most)
configure:24939: checking whether to enable mod_optional_hook_export
configure:24992: result: no
configure:25073: checking whether to enable mod_optional_hook_import
configure:25126: result: no
configure:25207: checking whether to enable mod_optional_fn_import
configure:25260: result: no
configure:25341: checking whether to enable mod_optional_fn_export
configure:25394: result: no
configure:25476: checking whether to enable mod_dialup
configure:25529: result: no
configure:25611: checking whether to enable mod_policy
configure:25664: result: no
configure:25786: checking for target platform
configure:25811: result: unix
configure:25843: checking for rlim_t
configure:25864: gcc  -std=gnu99 -c  -g -O2 -Wall -Wmissing-prototypes -Wstrict-prototypes -Wmissing-declarations -Wpointer-arith -Wdeclaration-after-statement -Werror=declaration-after-statement -Wformat -Wformat-security -Werror=format-security  -DDARWIN -DSIGPROCMASK_SETS_THREAD_MASK -no-cpp-precomp -DDARWIN_10 -DAP_DEBUG conftest.c >&5
conftest.c:54: warning: function declaration isn't a prototype
conftest.c: In function 'main':
conftest.c:55: warning: unused variable 'spoon'
configure:25864: $? = 0
configure:25875: result: yes
configure:25887: checking sys/time.h usability
configure:25887: gcc  -std=gnu99 -c  -g -O2 -Wall -Wmissing-prototypes -Wstrict-prototypes -Wmissing-declarations -Wpointer-arith -Wdeclaration-after-statement -Werror=declaration-after-statement -Wformat -Wformat-security -Werror=format-security  -DDARWIN -DSIGPROCMASK_SETS_THREAD_MASK -no-cpp-precomp -DDARWIN_10 -DAP_DEBUG conftest.c >&5
configure:25887: $? = 0
configure:25887: result: yes
configure:25887: checking sys/time.h presence
configure:25887: gcc -E  -DDARWIN -DSIGPROCMASK_SETS_THREAD_MASK -no-cpp-precomp -DDARWIN_10 -DAP_DEBUG conftest.c
configure:25887: $? = 0
configure:25887: result: yes
configure:25887: checking for sys/time.h
configure:25887: result: yes
configure:25887: checking sys/resource.h usability
configure:25887: gcc  -std=gnu99 -c  -g -O2 -Wall -Wmissing-prototypes -Wstrict-prototypes -Wmissing-declarations -Wpointer-arith -Wdeclaration-after-statement -Werror=declaration-after-statement -Wformat -Wformat-security -Werror=format-security  -DDARWIN -DSIGPROCMASK_SETS_THREAD_MASK -no-cpp-precomp -DDARWIN_10 -DAP_DEBUG conftest.c >&5
configure:25887: $? = 0
configure:25887: result: yes
configure:25887: checking sys/resource.h presence
configure:25887: gcc -E  -DDARWIN -DSIGPROCMASK_SETS_THREAD_MASK -no-cpp-precomp -DDARWIN_10 -DAP_DEBUG conftest.c
configure:25887: $? = 0
configure:25887: result: yes
configure:25887: checking for sys/resource.h
configure:25887: result: yes
configure:25887: checking for sys/sem.h
configure:25887: result: yes
configure:25887: checking sys/ipc.h usability
configure:25887: gcc  -std=gnu99 -c  -g -O2 -Wall -Wmissing-prototypes -Wstrict-prototypes -Wmissing-declarations -Wpointer-arith -Wdeclaration-after-statement -Werror=declaration-after-statement -Wformat -Wformat-security -Werror=format-security  -DDARWIN -DSIGPROCMASK_SETS_THREAD_MASK -no-cpp-precomp -DDARWIN_10 -DAP_DEBUG conftest.c >&5
configure:25887: $? = 0
configure:25887: result: yes
configure:25887: checking sys/ipc.h presence
configure:25887: gcc -E  -DDARWIN -DSIGPROCMASK_SETS_THREAD_MASK -no-cpp-precomp -DDARWIN_10 -DAP_DEBUG conftest.c
configure:25887: $? = 0
configure:25887: result: yes
configure:25887: checking for sys/ipc.h
configure:25887: result: yes
configure:25901: checking for setsid
configure:25901: gcc  -std=gnu99 -o conftest  -g -O2 -Wall -Wmissing-prototypes -Wstrict-prototypes -Wmissing-declarations -Wpointer-arith -Wdeclaration-after-statement -Werror=declaration-after-statement -Wformat -Wformat-security -Werror=format-security  -DDARWIN -DSIGPROCMASK_SETS_THREAD_MASK -no-cpp-precomp -DDARWIN_10 -DAP_DEBUG   conftest.c  >&5
conftest.c:74: warning: function declaration isn't a prototype
conftest.c:84: warning: function declaration isn't a prototype
configure:25901: $? = 0
configure:25901: result: yes
configure:25901: checking for killpg
configure:25901: gcc  -std=gnu99 -o conftest  -g -O2 -Wall -Wmissing-prototypes -Wstrict-prototypes -Wmissing-declarations -Wpointer-arith -Wdeclaration-after-statement -Werror=declaration-after-statement -Wformat -Wformat-security -Werror=format-security  -DDARWIN -DSIGPROCMASK_SETS_THREAD_MASK -no-cpp-precomp -DDARWIN_10 -DAP_DEBUG   conftest.c  >&5
conftest.c:75: warning: function declaration isn't a prototype
conftest.c:85: warning: function declaration isn't a prototype
configure:25901: $? = 0
configure:25901: result: yes
configure:25917: checking bstring.h usability
configure:25917: gcc  -std=gnu99 -c  -g -O2 -Wall -Wmissing-prototypes -Wstrict-prototypes -Wmissing-declarations -Wpointer-arith -Wdeclaration-after-statement -Werror=declaration-after-statement -Wformat -Wformat-security -Werror=format-security  -DDARWIN -DSIGPROCMASK_SETS_THREAD_MASK -no-cpp-precomp -DDARWIN_10 -DAP_DEBUG conftest.c >&5
conftest.c:86:21: error: bstring.h: No such file or directory
configure:25917: $? = 1
configure: failed program was:
| /* confdefs.h */
| #define PACKAGE_NAME ""
| #define PACKAGE_TARNAME ""
| #define PACKAGE_VERSION ""
| #define PACKAGE_STRING ""
| #define PACKAGE_BUGREPORT ""
| #define PACKAGE_URL ""
| #define STDC_HEADERS 1
| #define HAVE_SYS_TYPES_H 1
| #define HAVE_SYS_STAT_H 1
| #define HAVE_STDLIB_H 1
| #define HAVE_STRING_H 1
| #define HAVE_MEMORY_H 1
| #define HAVE_STRINGS_H 1
| #define HAVE_INTTYPES_H 1
| #define HAVE_STDINT_H 1
| #define HAVE_UNISTD_H 1
| #define __EXTENSIONS__ 1
| #define _ALL_SOURCE 1
| #define _GNU_SOURCE 1
| #define _POSIX_PTHREAD_SEMANTICS 1
| #define _TANDEM_SOURCE 1
| #define STDC_HEADERS 1
| #define HAVE_STRING_H 1
| #define HAVE_LIMITS_H 1
| #define HAVE_UNISTD_H 1
| #define HAVE_SYS_SOCKET_H 1
| #define HAVE_PWD_H 1
| #define HAVE_GRP_H 1
| #define HAVE_STRINGS_H 1
| #define HAVE_SYS_SEM_H 1
| #define HAVE_SYS_SDT_H 1
| #define HAVE_SYS_WAIT_H 1
| #define HAVE_GETPWNAM 1
| #define HAVE_GETGRNAM 1
| #define HAVE_INITGROUPS 1
| #define HAVE_TIMEGM 1
| #define HAVE_GETPGID 1
| #define HAVE_GMTOFF 1
| #define HAVE_OPENSSL_ENGINE_H 1
| #define HAVE_SSLEAY_VERSION 1
| #define HAVE_SSL_CTX_NEW 1
| #define HAVE_ENGINE_INIT 1
| #define HAVE_ENGINE_LOAD_BUILTIN_ENGINES 1
| #define HAVE_OPENSSL 1
| #define HAVE_SYS_TIME_H 1
| #define HAVE_SYS_RESOURCE_H 1
| #define HAVE_SYS_SEM_H 1
| #define HAVE_SYS_IPC_H 1
| #define HAVE_SETSID 1
| #define HAVE_KILLPG 1
| /* end confdefs.h.  */
| #include <stdio.h>
| #ifdef HAVE_SYS_TYPES_H
| # include <sys/types.h>
| #endif
| #ifdef HAVE_SYS_STAT_H
| # include <sys/stat.h>
| #endif
| #ifdef STDC_HEADERS
| # include <stdlib.h>
| # include <stddef.h>
| #else
| # ifdef HAVE_STDLIB_H
| #  include <stdlib.h>
| # endif
| #endif
| #ifdef HAVE_STRING_H
| # if !defined STDC_HEADERS && defined HAVE_MEMORY_H
| #  include <memory.h>
| # endif
| # include <string.h>
| #endif
| #ifdef HAVE_STRINGS_H
| # include <strings.h>
| #endif
| #ifdef HAVE_INTTYPES_H
| # include <inttypes.h>
| #endif
| #ifdef HAVE_STDINT_H
| # include <stdint.h>
| #endif
| #ifdef HAVE_UNISTD_H
| # include <unistd.h>
| #endif
| #include <bstring.h>
configure:25917: result: no
configure:25917: checking bstring.h presence
configure:25917: gcc -E  -DDARWIN -DSIGPROCMASK_SETS_THREAD_MASK -no-cpp-precomp -DDARWIN_10 -DAP_DEBUG conftest.c
conftest.c:53:21: error: bstring.h: No such file or directory
configure:25917: $? = 1
configure: failed program was:
| /* confdefs.h */
| #define PACKAGE_NAME ""
| #define PACKAGE_TARNAME ""
| #define PACKAGE_VERSION ""
| #define PACKAGE_STRING ""
| #define PACKAGE_BUGREPORT ""
| #define PACKAGE_URL ""
| #define STDC_HEADERS 1
| #define HAVE_SYS_TYPES_H 1
| #define HAVE_SYS_STAT_H 1
| #define HAVE_STDLIB_H 1
| #define HAVE_STRING_H 1
| #define HAVE_MEMORY_H 1
| #define HAVE_STRINGS_H 1
| #define HAVE_INTTYPES_H 1
| #define HAVE_STDINT_H 1
| #define HAVE_UNISTD_H 1
| #define __EXTENSIONS__ 1
| #define _ALL_SOURCE 1
| #define _GNU_SOURCE 1
| #define _POSIX_PTHREAD_SEMANTICS 1
| #define _TANDEM_SOURCE 1
| #define STDC_HEADERS 1
| #define HAVE_STRING_H 1
| #define HAVE_LIMITS_H 1
| #define HAVE_UNISTD_H 1
| #define HAVE_SYS_SOCKET_H 1
| #define HAVE_PWD_H 1
| #define HAVE_GRP_H 1
| #define HAVE_STRINGS_H 1
| #define HAVE_SYS_SEM_H 1
| #define HAVE_SYS_SDT_H 1
| #define HAVE_SYS_WAIT_H 1
| #define HAVE_GETPWNAM 1
| #define HAVE_GETGRNAM 1
| #define HAVE_INITGROUPS 1
| #define HAVE_TIMEGM 1
| #define HAVE_GETPGID 1
| #define HAVE_GMTOFF 1
| #define HAVE_OPENSSL_ENGINE_H 1
| #define HAVE_SSLEAY_VERSION 1
| #define HAVE_SSL_CTX_NEW 1
| #define HAVE_ENGINE_INIT 1
| #define HAVE_ENGINE_LOAD_BUILTIN_ENGINES 1
| #define HAVE_OPENSSL 1
| #define HAVE_SYS_TIME_H 1
| #define HAVE_SYS_RESOURCE_H 1
| #define HAVE_SYS_SEM_H 1
| #define HAVE_SYS_IPC_H 1
| #define HAVE_SETSID 1
| #define HAVE_KILLPG 1
| /* end confdefs.h.  */
| #include <bstring.h>
configure:25917: result: no
configure:25917: checking for bstring.h
configure:25917: result: no
configure:25917: checking for unistd.h
configure:25917: result: yes
configure:25932: checking for syslog
configure:25932: gcc  -std=gnu99 -o conftest  -g -O2 -Wall -Wmissing-prototypes -Wstrict-prototypes -Wmissing-declarations -Wpointer-arith -Wdeclaration-after-statement -Werror=declaration-after-statement -Wformat -Wformat-security -Werror=format-security  -DDARWIN -DSIGPROCMASK_SETS_THREAD_MASK -no-cpp-precomp -DDARWIN_10 -DAP_DEBUG   conftest.c  >&5
conftest.c:77: warning: function declaration isn't a prototype
conftest.c:87: warning: function declaration isn't a prototype
configure:25932: $? = 0
configure:25932: result: yes
configure:25944: checking sys/times.h usability
configure:25944: gcc  -std=gnu99 -c  -g -O2 -Wall -Wmissing-prototypes -Wstrict-prototypes -Wmissing-declarations -Wpointer-arith -Wdeclaration-after-statement -Werror=declaration-after-statement -Wformat -Wformat-security -Werror=format-security  -DDARWIN -DSIGPROCMASK_SETS_THREAD_MASK -no-cpp-precomp -DDARWIN_10 -DAP_DEBUG conftest.c >&5
configure:25944: $? = 0
configure:25944: result: yes
configure:25944: checking sys/times.h presence
configure:25944: gcc -E  -DDARWIN -DSIGPROCMASK_SETS_THREAD_MASK -no-cpp-precomp -DDARWIN_10 -DAP_DEBUG conftest.c
configure:25944: $? = 0
configure:25944: result: yes
configure:25944: checking for sys/times.h
configure:25944: result: yes
configure:25956: checking for times
configure:25956: gcc  -std=gnu99 -o conftest  -g -O2 -Wall -Wmissing-prototypes -Wstrict-prototypes -Wmissing-declarations -Wpointer-arith -Wdeclaration-after-statement -Werror=declaration-after-statement -Wformat -Wformat-security -Werror=format-security  -DDARWIN -DSIGPROCMASK_SETS_THREAD_MASK -no-cpp-precomp -DDARWIN_10 -DAP_DEBUG   conftest.c  >&5
conftest.c:79: warning: function declaration isn't a prototype
conftest.c:89: warning: function declaration isn't a prototype
configure:25956: $? = 0
configure:25956: result: yes
configure:26025: checking whether APR supports thread-safe pollsets
configure:26044: checking for kqueue
configure:26044: gcc  -std=gnu99 -o conftest  -g -O2 -Wall -Wmissing-prototypes -Wstrict-prototypes -Wmissing-declarations -Wpointer-arith -Wdeclaration-after-statement -Werror=declaration-after-statement -Wformat -Wformat-security -Werror=format-security  -DDARWIN -DSIGPROCMASK_SETS_THREAD_MASK -no-cpp-precomp -DDARWIN_10 -DAP_DEBUG   conftest.c  >&5
conftest.c:80: warning: function declaration isn't a prototype
conftest.c:90: warning: function declaration isn't a prototype
configure:26044: $? = 0
configure:26044: result: yes
configure:26044: checking for port_create
configure:26044: gcc  -std=gnu99 -o conftest  -g -O2 -Wall -Wmissing-prototypes -Wstrict-prototypes -Wmissing-declarations -Wpointer-arith -Wdeclaration-after-statement -Werror=declaration-after-statement -Wformat -Wformat-security -Werror=format-security  -DDARWIN -DSIGPROCMASK_SETS_THREAD_MASK -no-cpp-precomp -DDARWIN_10 -DAP_DEBUG   conftest.c  >&5
conftest.c:81: warning: function declaration isn't a prototype
conftest.c:91: warning: function declaration isn't a prototype
Undefined symbols for architecture x86_64:
  "_port_create", referenced from:
      _main in cckGONjs.o
ld: symbol(s) not found for architecture x86_64
collect2: ld returned 1 exit status
configure:26044: $? = 1
configure: failed program was:
| /* confdefs.h */
| #define PACKAGE_NAME ""
| #define PACKAGE_TARNAME ""
| #define PACKAGE_VERSION ""
| #define PACKAGE_STRING ""
| #define PACKAGE_BUGREPORT ""
| #define PACKAGE_URL ""
| #define STDC_HEADERS 1
| #define HAVE_SYS_TYPES_H 1
| #define HAVE_SYS_STAT_H 1
| #define HAVE_STDLIB_H 1
| #define HAVE_STRING_H 1
| #define HAVE_MEMORY_H 1
| #define HAVE_STRINGS_H 1
| #define HAVE_INTTYPES_H 1
| #define HAVE_STDINT_H 1
| #define HAVE_UNISTD_H 1
| #define __EXTENSIONS__ 1
| #define _ALL_SOURCE 1
| #define _GNU_SOURCE 1
| #define _POSIX_PTHREAD_SEMANTICS 1
| #define _TANDEM_SOURCE 1
| #define STDC_HEADERS 1
| #define HAVE_STRING_H 1
| #define HAVE_LIMITS_H 1
| #define HAVE_UNISTD_H 1
| #define HAVE_SYS_SOCKET_H 1
| #define HAVE_PWD_H 1
| #define HAVE_GRP_H 1
| #define HAVE_STRINGS_H 1
| #define HAVE_SYS_SEM_H 1
| #define HAVE_SYS_SDT_H 1
| #define HAVE_SYS_WAIT_H 1
| #define HAVE_GETPWNAM 1
| #define HAVE_GETGRNAM 1
| #define HAVE_INITGROUPS 1
| #define HAVE_TIMEGM 1
| #define HAVE_GETPGID 1
| #define HAVE_GMTOFF 1
| #define HAVE_OPENSSL_ENGINE_H 1
| #define HAVE_SSLEAY_VERSION 1
| #define HAVE_SSL_CTX_NEW 1
| #define HAVE_ENGINE_INIT 1
| #define HAVE_ENGINE_LOAD_BUILTIN_ENGINES 1
| #define HAVE_OPENSSL 1
| #define HAVE_SYS_TIME_H 1
| #define HAVE_SYS_RESOURCE_H 1
| #define HAVE_SYS_SEM_H 1
| #define HAVE_SYS_IPC_H 1
| #define HAVE_SETSID 1
| #define HAVE_KILLPG 1
| #define HAVE_UNISTD_H 1
| #define HAVE_SYSLOG 1
| #define HAVE_SYS_TIMES_H 1
| #define HAVE_TIMES 1
| #define HAVE_KQUEUE 1
| /* end confdefs.h.  */
| /* Define port_create to an innocuous variant, in case <limits.h> declares port_create.
|    For example, HP-UX 11i <limits.h> declares gettimeofday.  */
| #define port_create innocuous_port_create
| 
| /* System header to define __stub macros and hopefully few prototypes,
|     which can conflict with char port_create (); below.
|     Prefer <limits.h> to <assert.h> if __STDC__ is defined, since
|     <limits.h> exists even on freestanding compilers.  */
| 
| #ifdef __STDC__
| # include <limits.h>
| #else
| # include <assert.h>
| #endif
| 
| #undef port_create
| 
| /* Override any GCC internal prototype to avoid an error.
|    Use char because int might match the return type of a GCC
|    builtin and then its argument prototype would still apply.  */
| #ifdef __cplusplus
| extern "C"
| #endif
| char port_create ();
| /* The GNU C library defines this for functions which it implements
|     to always fail with ENOSYS.  Some functions are actually named
|     something starting with __ and the normal name is an alias.  */
| #if defined __stub_port_create || defined __stub___port_create
| choke me
| #endif
| 
| int
| main ()
| {
| return port_create ();
|   ;
|   return 0;
| }
configure:26044: result: no
configure:26044: checking for epoll_create
configure:26044: gcc  -std=gnu99 -o conftest  -g -O2 -Wall -Wmissing-prototypes -Wstrict-prototypes -Wmissing-declarations -Wpointer-arith -Wdeclaration-after-statement -Werror=declaration-after-statement -Wformat -Wformat-security -Werror=format-security  -DDARWIN -DSIGPROCMASK_SETS_THREAD_MASK -no-cpp-precomp -DDARWIN_10 -DAP_DEBUG   conftest.c  >&5
conftest.c:81: warning: function declaration isn't a prototype
conftest.c:91: warning: function declaration isn't a prototype
Undefined symbols for architecture x86_64:
  "_epoll_create", referenced from:
      _main in ccwnI25Q.o
ld: symbol(s) not found for architecture x86_64
collect2: ld returned 1 exit status
configure:26044: $? = 1
configure: failed program was:
| /* confdefs.h */
| #define PACKAGE_NAME ""
| #define PACKAGE_TARNAME ""
| #define PACKAGE_VERSION ""
| #define PACKAGE_STRING ""
| #define PACKAGE_BUGREPORT ""
| #define PACKAGE_URL ""
| #define STDC_HEADERS 1
| #define HAVE_SYS_TYPES_H 1
| #define HAVE_SYS_STAT_H 1
| #define HAVE_STDLIB_H 1
| #define HAVE_STRING_H 1
| #define HAVE_MEMORY_H 1
| #define HAVE_STRINGS_H 1
| #define HAVE_INTTYPES_H 1
| #define HAVE_STDINT_H 1
| #define HAVE_UNISTD_H 1
| #define __EXTENSIONS__ 1
| #define _ALL_SOURCE 1
| #define _GNU_SOURCE 1
| #define _POSIX_PTHREAD_SEMANTICS 1
| #define _TANDEM_SOURCE 1
| #define STDC_HEADERS 1
| #define HAVE_STRING_H 1
| #define HAVE_LIMITS_H 1
| #define HAVE_UNISTD_H 1
| #define HAVE_SYS_SOCKET_H 1
| #define HAVE_PWD_H 1
| #define HAVE_GRP_H 1
| #define HAVE_STRINGS_H 1
| #define HAVE_SYS_SEM_H 1
| #define HAVE_SYS_SDT_H 1
| #define HAVE_SYS_WAIT_H 1
| #define HAVE_GETPWNAM 1
| #define HAVE_GETGRNAM 1
| #define HAVE_INITGROUPS 1
| #define HAVE_TIMEGM 1
| #define HAVE_GETPGID 1
| #define HAVE_GMTOFF 1
| #define HAVE_OPENSSL_ENGINE_H 1
| #define HAVE_SSLEAY_VERSION 1
| #define HAVE_SSL_CTX_NEW 1
| #define HAVE_ENGINE_INIT 1
| #define HAVE_ENGINE_LOAD_BUILTIN_ENGINES 1
| #define HAVE_OPENSSL 1
| #define HAVE_SYS_TIME_H 1
| #define HAVE_SYS_RESOURCE_H 1
| #define HAVE_SYS_SEM_H 1
| #define HAVE_SYS_IPC_H 1
| #define HAVE_SETSID 1
| #define HAVE_KILLPG 1
| #define HAVE_UNISTD_H 1
| #define HAVE_SYSLOG 1
| #define HAVE_SYS_TIMES_H 1
| #define HAVE_TIMES 1
| #define HAVE_KQUEUE 1
| /* end confdefs.h.  */
| /* Define epoll_create to an innocuous variant, in case <limits.h> declares epoll_create.
|    For example, HP-UX 11i <limits.h> declares gettimeofday.  */
| #define epoll_create innocuous_epoll_create
| 
| /* System header to define __stub macros and hopefully few prototypes,
|     which can conflict with char epoll_create (); below.
|     Prefer <limits.h> to <assert.h> if __STDC__ is defined, since
|     <limits.h> exists even on freestanding compilers.  */
| 
| #ifdef __STDC__
| # include <limits.h>
| #else
| # include <assert.h>
| #endif
| 
| #undef epoll_create
| 
| /* Override any GCC internal prototype to avoid an error.
|    Use char because int might match the return type of a GCC
|    builtin and then its argument prototype would still apply.  */
| #ifdef __cplusplus
| extern "C"
| #endif
| char epoll_create ();
| /* The GNU C library defines this for functions which it implements
|     to always fail with ENOSYS.  Some functions are actually named
|     something starting with __ and the normal name is an alias.  */
| #if defined __stub_epoll_create || defined __stub___epoll_create
| choke me
| #endif
| 
| int
| main ()
| {
| return epoll_create ();
|   ;
|   return 0;
| }
configure:26044: result: no
configure:26060: result: yes
configure:26119: checking if event MPM supports this platform
configure:26134: result: yes
configure:26149: checking if mpmt_os2 MPM supports this platform
configure:26168: result: no
configure:26173: checking if prefork MPM supports this platform
configure:26179: result: yes
configure:26194: checking if simple MPM supports this platform
configure:26209: result: yes
configure:26224: checking if WinNT MPM supports this platform
configure:26243: result: no
configure:26248: checking if worker MPM supports this platform
configure:26260: result: yes
configure:27187: checking whether to enable mod_lbmethod_byrequests
configure:27240: result: static
configure:27321: checking whether to enable mod_lbmethod_bytraffic
configure:27374: result: static
configure:27455: checking whether to enable mod_lbmethod_bybusyness
configure:27508: result: static
configure:27589: checking whether to enable mod_lbmethod_heartbeat
configure:27642: result: static
configure:27742: checking which MPM to use by default
configure:27749: result: event
configure:27873: checking for libserf
configure:27900: checking serf.h usability
configure:27900: gcc  -std=gnu99 -c  -g -O2 -Wall -Wmissing-prototypes -Wstrict-prototypes -Wmissing-declarations -Wpointer-arith -Wdeclaration-after-statement -Werror=declaration-after-statement -Wformat -Wformat-security -Werror=format-security  -DDARWIN -DSIGPROCMASK_SETS_THREAD_MASK -no-cpp-precomp -DDARWIN_10 -DAP_DEBUG  -I/Users/jim/src/asf/code/dev/httpd-trunk/srclib/apr/include   -I/Users/jim/src/asf/code/dev/httpd-trunk/srclib/apr-util/include  -I/usr/include/serf-0 conftest.c >&5
conftest.c:91:18: error: serf.h: No such file or directory
configure:27900: $? = 1
configure: failed program was:
| /* confdefs.h */
| #define PACKAGE_NAME ""
| #define PACKAGE_TARNAME ""
| #define PACKAGE_VERSION ""
| #define PACKAGE_STRING ""
| #define PACKAGE_BUGREPORT ""
| #define PACKAGE_URL ""
| #define STDC_HEADERS 1
| #define HAVE_SYS_TYPES_H 1
| #define HAVE_SYS_STAT_H 1
| #define HAVE_STDLIB_H 1
| #define HAVE_STRING_H 1
| #define HAVE_MEMORY_H 1
| #define HAVE_STRINGS_H 1
| #define HAVE_INTTYPES_H 1
| #define HAVE_STDINT_H 1
| #define HAVE_UNISTD_H 1
| #define __EXTENSIONS__ 1
| #define _ALL_SOURCE 1
| #define _GNU_SOURCE 1
| #define _POSIX_PTHREAD_SEMANTICS 1
| #define _TANDEM_SOURCE 1
| #define STDC_HEADERS 1
| #define HAVE_STRING_H 1
| #define HAVE_LIMITS_H 1
| #define HAVE_UNISTD_H 1
| #define HAVE_SYS_SOCKET_H 1
| #define HAVE_PWD_H 1
| #define HAVE_GRP_H 1
| #define HAVE_STRINGS_H 1
| #define HAVE_SYS_SEM_H 1
| #define HAVE_SYS_SDT_H 1
| #define HAVE_SYS_WAIT_H 1
| #define HAVE_GETPWNAM 1
| #define HAVE_GETGRNAM 1
| #define HAVE_INITGROUPS 1
| #define HAVE_TIMEGM 1
| #define HAVE_GETPGID 1
| #define HAVE_GMTOFF 1
| #define HAVE_OPENSSL_ENGINE_H 1
| #define HAVE_SSLEAY_VERSION 1
| #define HAVE_SSL_CTX_NEW 1
| #define HAVE_ENGINE_INIT 1
| #define HAVE_ENGINE_LOAD_BUILTIN_ENGINES 1
| #define HAVE_OPENSSL 1
| #define HAVE_SYS_TIME_H 1
| #define HAVE_SYS_RESOURCE_H 1
| #define HAVE_SYS_SEM_H 1
| #define HAVE_SYS_IPC_H 1
| #define HAVE_SETSID 1
| #define HAVE_KILLPG 1
| #define HAVE_UNISTD_H 1
| #define HAVE_SYSLOG 1
| #define HAVE_SYS_TIMES_H 1
| #define HAVE_TIMES 1
| #define HAVE_KQUEUE 1
| /* end confdefs.h.  */
| #include <stdio.h>
| #ifdef HAVE_SYS_TYPES_H
| # include <sys/types.h>
| #endif
| #ifdef HAVE_SYS_STAT_H
| # include <sys/stat.h>
| #endif
| #ifdef STDC_HEADERS
| # include <stdlib.h>
| # include <stddef.h>
| #else
| # ifdef HAVE_STDLIB_H
| #  include <stdlib.h>
| # endif
| #endif
| #ifdef HAVE_STRING_H
| # if !defined STDC_HEADERS && defined HAVE_MEMORY_H
| #  include <memory.h>
| # endif
| # include <string.h>
| #endif
| #ifdef HAVE_STRINGS_H
| # include <strings.h>
| #endif
| #ifdef HAVE_INTTYPES_H
| # include <inttypes.h>
| #endif
| #ifdef HAVE_STDINT_H
| # include <stdint.h>
| #endif
| #ifdef HAVE_UNISTD_H
| # include <unistd.h>
| #endif
| #include <serf.h>
configure:27900: result: no
configure:27900: checking serf.h presence
configure:27900: gcc -E  -DDARWIN -DSIGPROCMASK_SETS_THREAD_MASK -no-cpp-precomp -DDARWIN_10 -DAP_DEBUG  -I/Users/jim/src/asf/code/dev/httpd-trunk/srclib/apr/include   -I/Users/jim/src/asf/code/dev/httpd-trunk/srclib/apr-util/include  -I/usr/include/serf-0 conftest.c
conftest.c:58:18: error: serf.h: No such file or directory
configure:27900: $? = 1
configure: failed program was:
| /* confdefs.h */
| #define PACKAGE_NAME ""
| #define PACKAGE_TARNAME ""
| #define PACKAGE_VERSION ""
| #define PACKAGE_STRING ""
| #define PACKAGE_BUGREPORT ""
| #define PACKAGE_URL ""
| #define STDC_HEADERS 1
| #define HAVE_SYS_TYPES_H 1
| #define HAVE_SYS_STAT_H 1
| #define HAVE_STDLIB_H 1
| #define HAVE_STRING_H 1
| #define HAVE_MEMORY_H 1
| #define HAVE_STRINGS_H 1
| #define HAVE_INTTYPES_H 1
| #define HAVE_STDINT_H 1
| #define HAVE_UNISTD_H 1
| #define __EXTENSIONS__ 1
| #define _ALL_SOURCE 1
| #define _GNU_SOURCE 1
| #define _POSIX_PTHREAD_SEMANTICS 1
| #define _TANDEM_SOURCE 1
| #define STDC_HEADERS 1
| #define HAVE_STRING_H 1
| #define HAVE_LIMITS_H 1
| #define HAVE_UNISTD_H 1
| #define HAVE_SYS_SOCKET_H 1
| #define HAVE_PWD_H 1
| #define HAVE_GRP_H 1
| #define HAVE_STRINGS_H 1
| #define HAVE_SYS_SEM_H 1
| #define HAVE_SYS_SDT_H 1
| #define HAVE_SYS_WAIT_H 1
| #define HAVE_GETPWNAM 1
| #define HAVE_GETGRNAM 1
| #define HAVE_INITGROUPS 1
| #define HAVE_TIMEGM 1
| #define HAVE_GETPGID 1
| #define HAVE_GMTOFF 1
| #define HAVE_OPENSSL_ENGINE_H 1
| #define HAVE_SSLEAY_VERSION 1
| #define HAVE_SSL_CTX_NEW 1
| #define HAVE_ENGINE_INIT 1
| #define HAVE_ENGINE_LOAD_BUILTIN_ENGINES 1
| #define HAVE_OPENSSL 1
| #define HAVE_SYS_TIME_H 1
| #define HAVE_SYS_RESOURCE_H 1
| #define HAVE_SYS_SEM_H 1
| #define HAVE_SYS_IPC_H 1
| #define HAVE_SETSID 1
| #define HAVE_KILLPG 1
| #define HAVE_UNISTD_H 1
| #define HAVE_SYSLOG 1
| #define HAVE_SYS_TIMES_H 1
| #define HAVE_TIMES 1
| #define HAVE_KQUEUE 1
| /* end confdefs.h.  */
| #include <serf.h>
configure:27900: result: no
configure:27900: checking for serf.h
configure:27900: result: no
configure:27957: result: no
configure:28093: checking for pthread_kill
configure:28093: gcc  -std=gnu99 -o conftest  -g -O2 -Wall -Wmissing-prototypes -Wstrict-prototypes -Wmissing-declarations -Wpointer-arith -Wdeclaration-after-statement -Werror=declaration-after-statement -Wformat -Wformat-security -Werror=format-security  -DDARWIN -DSIGPROCMASK_SETS_THREAD_MASK -no-cpp-precomp -DDARWIN_10 -DAP_DEBUG   conftest.c  >&5
conftest.c:81: warning: function declaration isn't a prototype
conftest.c:91: warning: function declaration isn't a prototype
configure:28093: $? = 0
configure:28093: result: yes
configure:28429: checking whether to enable mod_unixd
configure:28482: result: static
configure:28563: checking whether to enable mod_privileges
configure:28649: result: no
configure:28796: checking whether to enable mod_heartbeat
configure:28870: result: no
configure:28951: checking whether to enable mod_heartmonitor
configure:29004: result: no
configure:29104: checking for extra modules
configure:29164: result: none
configure:29192: checking whether to enable mod_dav
configure:29245: result: static (most)
configure:29386: checking whether to enable mod_status
configure:29439: result: static
configure:29520: checking whether to enable mod_autoindex
configure:29573: result: static
configure:29654: checking whether to enable mod_asis
configure:29707: result: no
configure:29788: checking whether to enable mod_info
configure:29841: result: static (most)
configure:29922: checking whether to enable mod_suexec
configure:29989: result: no
configure:30086: checking whether to enable mod_cgid
configure:30137: result: checking dependencies
configure:30179: checking whether to enable mod_cgid
configure:30189: result: static (most)
configure:30270: checking whether to enable mod_cgi
configure:30323: result: no
configure:30838: checking whether to enable mod_dav_fs
configure:30889: result: checking dependencies
configure:30902: checking whether to enable mod_dav_fs
configure:30912: result: static
configure:31036: checking whether to enable mod_dav_lock
configure:31110: result: no
configure:31225: checking whether to enable mod_vhost_alias
configure:31278: result: static (most)
configure:31359: checking whether to enable mod_negotiation
configure:31412: result: static (most)
configure:31493: checking whether to enable mod_dir
configure:31546: result: static
configure:31627: checking whether to enable mod_imagemap
configure:31680: result: no
configure:31761: checking whether to enable mod_actions
configure:31814: result: static (most)
configure:31895: checking whether to enable mod_speling
configure:31948: result: static (most)
configure:32029: checking whether to enable mod_userdir
configure:32082: result: static (most)
configure:32163: checking whether to enable mod_alias
configure:32216: result: static
configure:32297: checking whether to enable mod_rewrite
configure:32350: result: static (most)
configure:32914: 
configure:32916: Restore user-defined environment settings...
configure:32918: 
configure:33036: 
configure:33038: Construct makefiles and header files...
configure:33040: 
configure:33367: creating config_vars.mk
configure:33550: creating ./config.status

## ---------------------- ##
## Running config.status. ##
## ---------------------- ##

This file was extended by config.status, which was
generated by GNU Autoconf 2.69.  Invocation command line was

  CONFIG_FILES    = 
  CONFIG_HEADERS  = 
  CONFIG_LINKS    = 
  CONFIG_COMMANDS = 
  $ ./config.status 

on jimsys

config.status:1215: creating docs/conf/httpd.conf
config.status:1215: creating docs/conf/extra/httpd-autoindex.conf
config.status:1215: creating docs/conf/extra/httpd-dav.conf
config.status:1215: creating docs/conf/extra/httpd-default.conf
config.status:1215: creating docs/conf/extra/httpd-info.conf
config.status:1215: creating docs/conf/extra/httpd-languages.conf
config.status:1215: creating docs/conf/extra/httpd-manual.conf
config.status:1215: creating docs/conf/extra/httpd-mpm.conf
config.status:1215: creating docs/conf/extra/httpd-multilang-errordoc.conf
config.status:1215: creating docs/conf/extra/httpd-policy.conf
config.status:1215: creating docs/conf/extra/httpd-ssl.conf
config.status:1215: creating docs/conf/extra/httpd-userdir.conf
config.status:1215: creating docs/conf/extra/httpd-vhosts.conf
config.status:1215: creating docs/conf/extra/proxy-html.conf
config.status:1215: creating include/ap_config_layout.h
config.status:1215: creating support/apxs
config.status:1215: creating support/apachectl
config.status:1215: creating support/dbmmanage
config.status:1215: creating support/envvars-std
config.status:1215: creating support/log_server_status
config.status:1215: creating support/logresolve.pl
config.status:1215: creating support/phf_abuse_log.cgi
config.status:1215: creating support/split-logfile
config.status:1215: creating build/rules.mk
config.status:1215: creating build/pkg/pkginfo
config.status:1215: creating build/config_vars.sh
config.status:1215: creating include/ap_config_auto.h
config.status:1399: executing default commands

## ---------------- ##
## Cache variables. ##
## ---------------- ##

ac_cv_APR_HAS_LDAP=no
ac_cv_build=x86_64-apple-darwin12.1.0
ac_cv_c_compiler_gnu=yes
ac_cv_c_const=yes
ac_cv_define_APR_HAS_DSO=yes
ac_cv_define_APR_HAS_RANDOM=yes
ac_cv_define_APR_HAS_THREADS=yes
ac_cv_define_APR_HAVE_IPV6=yes
ac_cv_env_CC_set=set
ac_cv_env_CC_value='gcc '
ac_cv_env_CFLAGS_set=
ac_cv_env_CFLAGS_value=
ac_cv_env_CPPFLAGS_set=
ac_cv_env_CPPFLAGS_value=
ac_cv_env_CPP_set=
ac_cv_env_CPP_value=
ac_cv_env_LDFLAGS_set=
ac_cv_env_LDFLAGS_value=
ac_cv_env_LIBS_set=
ac_cv_env_LIBS_value=
ac_cv_env_build_alias_set=
ac_cv_env_build_alias_value=
ac_cv_env_host_alias_set=
ac_cv_env_host_alias_value=
ac_cv_env_target_alias_set=
ac_cv_env_target_alias_value=
ac_cv_func_ENGINE_init=yes
ac_cv_func_ENGINE_load_builtin_engines=yes
ac_cv_func_SSL_CTX_new=yes
ac_cv_func_SSLeay_version=yes
ac_cv_func_bindprocessor=no
ac_cv_func_epoll_create=no
ac_cv_func_fopen64=no
ac_cv_func_getgrnam=yes
ac_cv_func_getpgid=yes
ac_cv_func_getpwnam=yes
ac_cv_func_initgroups=yes
ac_cv_func_killpg=yes
ac_cv_func_kqueue=yes
ac_cv_func_port_create=no
ac_cv_func_prctl=no
ac_cv_func_pthread_kill=yes
ac_cv_func_setsid=yes
ac_cv_func_syslog=yes
ac_cv_func_timegm=yes
ac_cv_func_times=yes
ac_cv_gcc__Wdeclaration_after_statement=yes
ac_cv_gcc__Werror_declaration_after_statement=yes
ac_cv_gcc__Werror_format_security=yes
ac_cv_gcc__Wformat=yes
ac_cv_gcc__Wformat_security=yes
ac_cv_gettid=no
ac_cv_have_threadsafe_pollset=yes
ac_cv_header_bstring_h=no
ac_cv_header_grp_h=yes
ac_cv_header_inttypes_h=yes
ac_cv_header_limits_h=yes
ac_cv_header_memory_h=yes
ac_cv_header_minix_config_h=no
ac_cv_header_openssl_engine_h=yes
ac_cv_header_pwd_h=yes
ac_cv_header_serf_h=no
ac_cv_header_stdc=yes
ac_cv_header_stdint_h=yes
ac_cv_header_stdlib_h=yes
ac_cv_header_string_h=yes
ac_cv_header_strings_h=yes
ac_cv_header_sys_ipc_h=yes
ac_cv_header_sys_prctl_h=no
ac_cv_header_sys_processor_h=no
ac_cv_header_sys_resource_h=yes
ac_cv_header_sys_sdt_h=yes
ac_cv_header_sys_sem_h=yes
ac_cv_header_sys_socket_h=yes
ac_cv_header_sys_stat_h=yes
ac_cv_header_sys_time_h=yes
ac_cv_header_sys_times_h=yes
ac_cv_header_sys_types_h=yes
ac_cv_header_sys_wait_h=yes
ac_cv_header_unistd_h=yes
ac_cv_host=x86_64-apple-darwin12.1.0
ac_cv_mkdir_p=yes
ac_cv_objext=o
ac_cv_openssl=yes
ac_cv_path_EGREP='/usr/bin/grep -E'
ac_cv_path_GREP=/usr/bin/grep
ac_cv_path_PCRE_CONFIG=/usr/local/bin/pcre-config
ac_cv_path_PKGCONFIG=/usr/local/bin/pkg-config
ac_cv_path_RM=/bin/rm
ac_cv_path_RSYNC=/usr/local/bin/rsync
ac_cv_prog_AWK=gawk
ac_cv_prog_CPP='gcc -E'
ac_cv_prog_LYNX_PATH=lynx
ac_cv_prog_ac_ct_CC='gcc '
ac_cv_prog_ac_ct_RANLIB=ranlib
ac_cv_prog_cc_c89=
ac_cv_prog_cc_c99=-std=gnu99
ac_cv_prog_cc_g=yes
ac_cv_safe_to_define___extensions__=yes
ac_cv_search_crypt='none required'
ac_cv_search_sqrt='none required'
ac_cv_search_strerror='none required'
ac_cv_serf=no
ac_cv_struct_tm_gmtoff=yes
ac_cv_target=x86_64-apple-darwin12.1.0
ac_cv_type_rlim_t=yes
ap_cv_void_ptr_lt_long=no
ap_cv_zlib=/usr/local

## ----------------- ##
## Output variables. ##
## ----------------- ##

APACHECTL_ULIMIT=''
APREQ_LIBTOOL_VERSION=''
APREQ_MAJOR_VERSION=''
APR_BINDIR='/usr/local2/apache2/bin'
APR_CONFIG='/usr/local2/apache2/bin/apr-1-config'
APR_INCLUDEDIR='/Users/jim/src/asf/code/dev/httpd-trunk/srclib/apr/include'
APR_VERSION='1.4.7'
APU_BINDIR='/usr/local2/apache2/bin'
APU_CONFIG='/usr/local2/apache2/bin/apu-1-config'
APU_INCLUDEDIR='/Users/jim/src/asf/code/dev/httpd-trunk/srclib/apr-util/include'
APU_VERSION='1.4.3'
AP_BUILD_SRCLIB_DIRS='apr  apr-util'
AP_CLEAN_SRCLIB_DIRS='apr-util  apr'
AP_LIBS='$(MOD_AUTHN_FILE_LDADD) $(MOD_AUTHN_DBM_LDADD) $(MOD_AUTHN_ANON_LDADD) $(MOD_AUTHN_DBD_LDADD) $(MOD_AUTHN_SOCACHE_LDADD) $(MOD_AUTHN_CORE_LDADD) $(MOD_AUTHZ_HOST_LDADD) $(MOD_AUTHZ_GROUPFILE_LDADD) $(MOD_AUTHZ_USER_LDADD) $(MOD_AUTHZ_DBM_LDADD) $(MOD_AUTHZ_OWNER_LDADD) $(MOD_AUTHZ_DBD_LDADD) $(MOD_AUTHZ_CORE_LDADD) $(MOD_ACCESS_COMPAT_LDADD) $(MOD_AUTH_BASIC_LDADD) $(MOD_AUTH_FORM_LDADD) $(MOD_AUTH_DIGEST_LDADD) $(MOD_ALLOWMETHODS_LDADD) $(MOD_APREQ_LDADD) $(MOD_FILE_CACHE_LDADD) $(MOD_CACHE_LDADD) $(MOD_CACHE_DISK_LDADD) $(MOD_SOCACHE_SHMCB_LDADD) $(MOD_SOCACHE_DBM_LDADD) $(MOD_SOCACHE_MEMCACHE_LDADD) $(MOD_SO_LDADD) $(MOD_DBD_LDADD) $(MOD_DUMPIO_LDADD) $(MOD_FIREHOSE_LDADD) $(MOD_BUFFER_LDADD) $(MOD_RATELIMIT_LDADD) $(MOD_REQTIMEOUT_LDADD) $(MOD_EXT_FILTER_LDADD) $(MOD_REQUEST_LDADD) $(MOD_INCLUDE_LDADD) $(MOD_FILTER_LDADD) $(MOD_SUBSTITUTE_LDADD) $(MOD_SED_LDADD) $(MOD_DEFLATE_LDADD) $(MOD_HTTP_LDADD) $(MOD_MIME_LDADD) $(MOD_LOG_CONFIG_LDADD) $(MOD_LOG_DEBUG_LDADD) $(MOD_LOGIO_LDADD) $(MOD_ENV_LDADD) $(MOD_EXPIRES_LDADD) $(MOD_HEADERS_LDADD) $(MOD_UNIQUE_ID_LDADD) $(MOD_SETENVIF_LDADD) $(MOD_VERSION_LDADD) $(MOD_REMOTEIP_LDADD) $(MOD_PROXY_LDADD) $(MOD_PROXY_CONNECT_LDADD) $(MOD_PROXY_FTP_LDADD) $(MOD_PROXY_HTTP_LDADD) $(MOD_PROXY_FCGI_LDADD) $(MOD_PROXY_SCGI_LDADD) $(MOD_PROXY_AJP_LDADD) $(MOD_PROXY_BALANCER_LDADD) $(MOD_PROXY_EXPRESS_LDADD) $(MOD_SESSION_LDADD) $(MOD_SESSION_COOKIE_LDADD) $(MOD_SESSION_DBD_LDADD) $(MOD_SLOTMEM_SHM_LDADD) $(MOD_SSL_LDADD) $(MOD_LBMETHOD_BYREQUESTS_LDADD) $(MOD_LBMETHOD_BYTRAFFIC_LDADD) $(MOD_LBMETHOD_BYBUSYNESS_LDADD) $(MOD_LBMETHOD_HEARTBEAT_LDADD) $(MOD_MPM_EVENT_LDADD) $(MOD_UNIXD_LDADD) $(MOD_DAV_LDADD) $(MOD_STATUS_LDADD) $(MOD_AUTOINDEX_LDADD) $(MOD_INFO_LDADD) $(MOD_CGID_LDADD) $(MOD_DAV_FS_LDADD) $(MOD_VHOST_ALIAS_LDADD) $(MOD_NEGOTIATION_LDADD) $(MOD_DIR_LDADD) $(MOD_ACTIONS_LDADD) $(MOD_SPELING_LDADD) $(MOD_USERDIR_LDADD) $(MOD_ALIAS_LDADD) $(MOD_REWRITE_LDADD)  /Users/jim/src/asf/code/dev/httpd-trunk/srclib/apr-util/libaprutil-1.la     -lexpat  /Users/jim/src/asf/code/dev/httpd-trunk/srclib/apr/libapr-1.la -lpthread'
AWK='gawk'
BUILTIN_LIBS=' modules/aaa/libmod_authn_file.la modules/aaa/libmod_authn_dbm.la modules/aaa/libmod_authn_anon.la modules/aaa/libmod_authn_dbd.la modules/aaa/libmod_authn_socache.la modules/aaa/libmod_authn_core.la modules/aaa/libmod_authz_host.la modules/aaa/libmod_authz_groupfile.la modules/aaa/libmod_authz_user.la modules/aaa/libmod_authz_dbm.la modules/aaa/libmod_authz_owner.la modules/aaa/libmod_authz_dbd.la modules/aaa/libmod_authz_core.la modules/aaa/libmod_access_compat.la modules/aaa/libmod_auth_basic.la modules/aaa/libmod_auth_form.la modules/aaa/libmod_auth_digest.la modules/aaa/libmod_allowmethods.la modules/apreq/libmod_apreq.la modules/cache/libmod_file_cache.la modules/cache/libmod_cache.la modules/cache/libmod_cache_disk.la modules/cache/libmod_socache_shmcb.la modules/cache/libmod_socache_dbm.la modules/cache/libmod_socache_memcache.la modules/core/libmod_so.la modules/database/libmod_dbd.la modules/debugging/libmod_dumpio.la modules/debugging/libmod_firehose.la modules/filters/libmod_buffer.la modules/filters/libmod_ratelimit.la modules/filters/libmod_reqtimeout.la modules/filters/libmod_ext_filter.la modules/filters/libmod_request.la modules/filters/libmod_include.la modules/filters/libmod_filter.la modules/filters/libmod_substitute.la modules/filters/libmod_sed.la modules/filters/libmod_deflate.la modules/http/libmod_http.la modules/http/libmod_mime.la modules/loggers/libmod_log_config.la modules/loggers/libmod_log_debug.la modules/loggers/libmod_logio.la modules/metadata/libmod_env.la modules/metadata/libmod_expires.la modules/metadata/libmod_headers.la modules/metadata/libmod_unique_id.la modules/metadata/libmod_setenvif.la modules/metadata/libmod_version.la modules/metadata/libmod_remoteip.la modules/proxy/libmod_proxy.la modules/proxy/libmod_proxy_connect.la modules/proxy/libmod_proxy_ftp.la modules/proxy/libmod_proxy_http.la modules/proxy/libmod_proxy_fcgi.la modules/proxy/libmod_proxy_scgi.la modules/proxy/libmod_proxy_ajp.la modules/proxy/libmod_proxy_balancer.la modules/proxy/libmod_proxy_express.la modules/session/libmod_session.la modules/session/libmod_session_cookie.la modules/session/libmod_session_dbd.la modules/slotmem/libmod_slotmem_shm.la modules/ssl/libmod_ssl.la modules/proxy/balancers/libmod_lbmethod_byrequests.la modules/proxy/balancers/libmod_lbmethod_bytraffic.la modules/proxy/balancers/libmod_lbmethod_bybusyness.la modules/proxy/balancers/libmod_lbmethod_heartbeat.la modules/arch/unix/libmod_unixd.la modules/dav/main/libmod_dav.la modules/generators/libmod_status.la modules/generators/libmod_autoindex.la modules/generators/libmod_info.la modules/generators/libmod_cgid.la modules/dav/fs/libmod_dav_fs.la modules/mappers/libmod_vhost_alias.la modules/mappers/libmod_negotiation.la modules/mappers/libmod_dir.la modules/mappers/libmod_actions.la modules/mappers/libmod_speling.la modules/mappers/libmod_userdir.la modules/mappers/libmod_alias.la modules/mappers/libmod_rewrite.la'
CC='gcc  -std=gnu99'
CC_FOR_BUILD=''
CFLAGS=''
CFLAGS_FOR_BUILD=''
CORE_IMPLIB=''
CORE_IMPLIB_FILE=''
CPP='gcc -E'
CPPFLAGS=''
CRYPT_LIBS=''
CXX=''
CXXFLAGS=''
DEFS='-DHAVE_CONFIG_H'
DSO_MODULES=''
DTRACE='true'
ECHO_C='\c'
ECHO_N=''
ECHO_T=''
EGREP='/usr/bin/grep -E'
ENABLED_DSO_MODULES=''
EXEEXT=''
EXTRA_CFLAGS=' -g -O2 -Wall -Wmissing-prototypes -Wstrict-prototypes -Wmissing-declarations -Wpointer-arith -Wdeclaration-after-statement -Werror=declaration-after-statement -Wformat -Wformat-security -Werror=format-security'
EXTRA_CPPFLAGS=' -DDARWIN -DSIGPROCMASK_SETS_THREAD_MASK -no-cpp-precomp -DDARWIN_10 -DAP_DEBUG'
EXTRA_CXXFLAGS=''
EXTRA_INCLUDES='-I. -I$(top_srcdir)/os/$(OS_DIR) -I$(top_srcdir)/include -I/Users/jim/src/asf/code/dev/httpd-trunk/srclib/apr/include -I/Users/jim/src/asf/code/dev/httpd-trunk/srclib/apr-util/include -I/usr/local/include -I$(top_srcdir)/modules/aaa -I$(top_srcdir)/modules/cache -I$(top_srcdir)/modules/core -I$(top_srcdir)/modules/database -I$(top_srcdir)/modules/filters -I$(top_srcdir)/modules/ldap -I$(top_srcdir)/modules/loggers -I$(top_srcdir)/modules/lua -I$(top_srcdir)/modules/proxy -I$(top_srcdir)/modules/session -I$(top_srcdir)/modules/ssl -I$(top_srcdir)/modules/test -I$(top_srcdir)/server -I$(top_srcdir)/modules/arch/unix -I$(top_srcdir)/modules/dav/main -I$(top_srcdir)/modules/generators -I$(top_srcdir)/modules/mappers'
EXTRA_LDFLAGS=' '
EXTRA_LIBS=''
GREP='/usr/bin/grep'
HTTPD_LDFLAGS='-export-dynamic'
HTTPD_VERSION='2.5.0'
INCLUDES=''
INSTALL='$(LIBTOOL) --mode=install $(abs_srcdir)/build/install.sh -c'
INSTALL_DSO='yes'
INSTALL_PROG_FLAGS=''
INSTALL_SUEXEC='setuid'
INTERNAL_CPPFLAGS=''
LDFLAGS=''
LIBOBJS=''
LIBS=''
LIBTOOL='/Users/jim/src/asf/code/dev/httpd-trunk/srclib/apr/libtool $(LTFLAGS)'
LN_S='ln -s'
LOAD_ALL_MODULES='yes'
LTCFLAGS='-prefer-non-pic -static'
LTFLAGS='--silent'
LTLIBOBJS=''
LT_LDFLAGS=''
LUA_CFLAGS=''
LUA_LIBS=''
LYNX_PATH='lynx'
MATH_LIBS=''
MKDEP='$(CC) -MM'
MKINSTALLDIRS='$(abs_srcdir)/build/mkdir.sh'
MK_IMPLIB=''
MODULE_CLEANDIRS=' arch/win32 echo examples experimental ldap lua test cluster dav/lock'
MODULE_DIRS=' aaa apreq cache core database debugging filters http loggers metadata proxy session slotmem ssl proxy/balancers arch/unix dav/main generators dav/fs mappers'
MOD_ACCESS_COMPAT_LDADD=''
MOD_ACTIONS_LDADD=''
MOD_ALIAS_LDADD=''
MOD_ALLOWMETHODS_LDADD=''
MOD_APREQ_LDADD=''
MOD_ASIS_LDADD=''
MOD_AUTHNZ_LDAP_LDADD=''
MOD_AUTHN_ANON_LDADD=''
MOD_AUTHN_CORE_LDADD=''
MOD_AUTHN_DBD_LDADD=''
MOD_AUTHN_DBM_LDADD=''
MOD_AUTHN_FILE_LDADD=''
MOD_AUTHN_SOCACHE_LDADD=''
MOD_AUTHZ_CORE_LDADD=''
MOD_AUTHZ_DBD_LDADD=''
MOD_AUTHZ_DBM_LDADD=''
MOD_AUTHZ_GROUPFILE_LDADD=''
MOD_AUTHZ_HOST_LDADD=''
MOD_AUTHZ_OWNER_LDADD=''
MOD_AUTHZ_USER_LDADD=''
MOD_AUTH_BASIC_LDADD=''
MOD_AUTH_DIGEST_LDADD=''
MOD_AUTH_FORM_LDADD=''
MOD_AUTOINDEX_LDADD=''
MOD_BUCKETEER_LDADD=''
MOD_BUFFER_LDADD=''
MOD_CACHE_DISK_LDADD=''
MOD_CACHE_LDADD=''
MOD_CASE_FILTER_IN_LDADD=''
MOD_CASE_FILTER_LDADD=''
MOD_CERN_META_LDADD=''
MOD_CGID_LDADD=''
MOD_CGI_LDADD=''
MOD_CHARSET_LITE_LDADD=''
MOD_DATA_LDADD=''
MOD_DAV_FS_LDADD=''
MOD_DAV_LDADD=''
MOD_DAV_LOCK_LDADD=''
MOD_DBD_LDADD=''
MOD_DEFLATE_LDADD='-L/usr/local/lib -lz'
MOD_DIALUP_LDADD=''
MOD_DIR_LDADD=''
MOD_DUMPIO_LDADD=''
MOD_ECHO_LDADD=''
MOD_ENV_LDADD=''
MOD_EXAMPLE_HOOKS_LDADD=''
MOD_EXAMPLE_IPC_LDADD=''
MOD_EXPIRES_LDADD=''
MOD_EXT_FILTER_LDADD=''
MOD_FILE_CACHE_LDADD=''
MOD_FILTER_LDADD=''
MOD_FIREHOSE_LDADD=''
MOD_HEADERS_LDADD=''
MOD_HEARTBEAT_LDADD=''
MOD_HEARTMONITOR_LDADD=''
MOD_HTTP_LDADD=''
MOD_IDENT_LDADD=''
MOD_IMAGEMAP_LDADD=''
MOD_INCLUDE_LDADD=''
MOD_INFO_LDADD=''
MOD_ISAPI_LDADD=''
MOD_LBMETHOD_BYBUSYNESS_LDADD=''
MOD_LBMETHOD_BYREQUESTS_LDADD=''
MOD_LBMETHOD_BYTRAFFIC_LDADD=''
MOD_LBMETHOD_HEARTBEAT_LDADD=''
MOD_LDAP_LDADD=''
MOD_LOGIO_LDADD=''
MOD_LOG_CONFIG_LDADD=''
MOD_LOG_DEBUG_LDADD=''
MOD_LOG_FORENSIC_LDADD=''
MOD_LUA_LDADD=''
MOD_MIME_LDADD=''
MOD_MIME_MAGIC_LDADD=''
MOD_MPM_EVENT_LDADD=''
MOD_NEGOTIATION_LDADD=''
MOD_OPTIONAL_FN_EXPORT_LDADD=''
MOD_OPTIONAL_FN_IMPORT_LDADD=''
MOD_OPTIONAL_HOOK_EXPORT_LDADD=''
MOD_OPTIONAL_HOOK_IMPORT_LDADD=''
MOD_POLICY_LDADD=''
MOD_PRIVILEGES_LDADD=''
MOD_PROXY_AJP_LDADD=''
MOD_PROXY_BALANCER_LDADD=''
MOD_PROXY_CONNECT_LDADD=''
MOD_PROXY_EXPRESS_LDADD=''
MOD_PROXY_FCGI_LDADD=''
MOD_PROXY_FDPASS_LDADD=''
MOD_PROXY_FTP_LDADD=''
MOD_PROXY_HTML_LDADD=''
MOD_PROXY_HTTP_LDADD=''
MOD_PROXY_LDADD=''
MOD_PROXY_SCGI_LDADD=''
MOD_RATELIMIT_LDADD=''
MOD_REFLECTOR_LDADD=''
MOD_REMOTEIP_LDADD=''
MOD_REQTIMEOUT_LDADD=''
MOD_REQUEST_LDADD=''
MOD_REWRITE_LDADD=''
MOD_SED_LDADD=''
MOD_SERF_LDADD=''
MOD_SESSION_COOKIE_LDADD=''
MOD_SESSION_CRYPTO_LDADD=''
MOD_SESSION_DBD_LDADD=''
MOD_SESSION_LDADD=''
MOD_SETENVIF_LDADD=''
MOD_SLOTMEM_PLAIN_LDADD=''
MOD_SLOTMEM_SHM_LDADD=''
MOD_SOCACHE_DBM_LDADD=''
MOD_SOCACHE_DC_LDADD=''
MOD_SOCACHE_MEMCACHE_LDADD=''
MOD_SOCACHE_SHMCB_LDADD=''
MOD_SO_ENABLED='yes'
MOD_SO_LDADD=''
MOD_SPELING_LDADD=''
MOD_SSL_LDADD=''
MOD_STATUS_LDADD=''
MOD_SUBSTITUTE_LDADD=''
MOD_SUEXEC_LDADD=''
MOD_UNIQUE_ID_LDADD=''
MOD_UNIXD_LDADD=''
MOD_USERDIR_LDADD=''
MOD_USERTRACK_LDADD=''
MOD_VERSION_LDADD=''
MOD_VHOST_ALIAS_LDADD=''
MOD_WATCHDOG_LDADD=''
MOD_XML2ENC_LDADD=''
MPM_LIB='server/mpm/event/libevent.la'
MPM_SUBDIRS=' event '
NONPORTABLE_SUPPORT='checkgid fcgistarter'
NOTEST_CFLAGS=''
NOTEST_CPPFLAGS=''
NOTEST_CXXFLAGS=''
NOTEST_LDFLAGS=''
NOTEST_LIBS=''
OBJEXT='o'
OS='unix'
OS_DIR='unix'
OS_SPECIFIC_VARS=''
PACKAGE_BUGREPORT=''
PACKAGE_NAME=''
PACKAGE_STRING=''
PACKAGE_TARNAME=''
PACKAGE_URL=''
PACKAGE_VERSION=''
PATH_SEPARATOR=':'
PCRE_CONFIG='/usr/local/bin/pcre-config'
PCRE_LIBS='-L/usr/local/lib -lpcre'
PICFLAGS=''
PILDFLAGS=''
PKGCONFIG='/usr/local/bin/pkg-config'
PORT='80'
POST_SHARED_CMDS='echo ""'
PRE_SHARED_CMDS='echo ""'
RANLIB='ranlib'
RM='/bin/rm'
RSYNC='/usr/local/bin/rsync'
SERF_LIBS=''
SHELL='/bin/sh'
SHLIBPATH_VAR='DYLD_LIBRARY_PATH'
SHLTCFLAGS='-prefer-pic'
SH_LDFLAGS=''
SH_LIBS=''
SH_LIBTOOL='$(LIBTOOL)'
SSLPORT='443'
UTIL_LDFLAGS=''
ab_CFLAGS='-I/opt/local/include  '
ab_LDFLAGS='-L/opt/local/lib   -lssl -lcrypto -lpthread'
ab_LTFLAGS=''
abs_srcdir='/Users/jim/src/asf/code/dev/httpd-trunk'
ac_ct_CC='gcc '
ap_make_delimiter=' '
ap_make_include='include'
bindir='${exec_prefix}/bin'
build='x86_64-apple-darwin12.1.0'
build_alias=''
build_cpu='x86_64'
build_os='darwin12.1.0'
build_vendor='apple'
cgidir='${datadir}/cgi-bin'
checkgid_LTFLAGS=''
datadir='${prefix}'
datarootdir='${prefix}/share'
docdir='${datarootdir}/doc/${PACKAGE}'
dvidir='${docdir}'
errordir='${datadir}/error'
exec_prefix='${prefix}'
exp_bindir='/usr/local2/apache2/bin'
exp_cgidir='/usr/local2/apache2/cgi-bin'
exp_datadir='/usr/local2/apache2'
exp_errordir='/usr/local2/apache2/error'
exp_exec_prefix='/usr/local2/apache2'
exp_htdocsdir='/usr/local2/apache2/htdocs'
exp_iconsdir='/usr/local2/apache2/icons'
exp_includedir='/usr/local2/apache2/include'
exp_installbuilddir='/usr/local2/apache2/build'
exp_libdir='/usr/local2/apache2/lib'
exp_libexecdir='/usr/local2/apache2/modules'
exp_localstatedir='/usr/local2/apache2'
exp_logfiledir='/usr/local2/apache2/logs'
exp_mandir='/usr/local2/apache2/man'
exp_manualdir='/usr/local2/apache2/manual'
exp_proxycachedir='/usr/local2/apache2/proxy'
exp_runtimedir='/usr/local2/apache2/logs'
exp_sbindir='/usr/local2/apache2/bin'
exp_sysconfdir='/usr/local2/apache2/conf'
fcgistarter_LTFLAGS=''
firehose_LTFLAGS=''
host='x86_64-apple-darwin12.1.0'
host_alias=''
host_cpu='x86_64'
host_os='darwin12.1.0'
host_vendor='apple'
htcacheclean_LTFLAGS=''
htdbm_LTFLAGS=''
htdigest_LTFLAGS=''
htdocsdir='${datadir}/htdocs'
htmldir='${docdir}'
htpasswd_LTFLAGS=''
httxt2dbm_LTFLAGS=''
iconsdir='${datadir}/icons'
includedir='${prefix}/include'
infodir='${datarootdir}/info'
installbuilddir='${datadir}/build'
libdir='${exec_prefix}/lib'
libexecdir='${exec_prefix}/modules'
localedir='${datarootdir}/locale'
localstatedir='${prefix}'
logfiledir='${localstatedir}/logs'
logresolve_LTFLAGS=''
mandir='${prefix}/man'
manualdir='${datadir}/manual'
oldincludedir='/usr/include'
other_targets=''
pdfdir='${docdir}'
perlbin='/usr/local/bin/perl'
prefix='/usr/local2/apache2'
progname='httpd'
program_transform_name='s,x,x,'
proxycachedir='${localstatedir}/proxy'
psdir='${docdir}'
rel_bindir='bin'
rel_cgidir='cgi-bin'
rel_datadir=''
rel_errordir='error'
rel_exec_prefix=''
rel_htdocsdir='htdocs'
rel_iconsdir='icons'
rel_includedir='include'
rel_installbuilddir='build'
rel_libdir='lib'
rel_libexecdir='modules'
rel_localstatedir=''
rel_logfiledir='logs'
rel_mandir='man'
rel_manualdir='manual'
rel_proxycachedir='proxy'
rel_runtimedir='logs'
rel_sbindir='bin'
rel_sysconfdir='conf'
rotatelogs_LTFLAGS=''
runtimedir='${localstatedir}/logs'
sbindir='${exec_prefix}/bin'
shared_build=''
sharedstatedir='${prefix}/com'
sysconfdir='${prefix}/conf'
target='x86_64-apple-darwin12.1.0'
target_alias=''
target_cpu='x86_64'
target_os='darwin12.1.0'
target_vendor='apple'

## ----------- ##
## confdefs.h. ##
## ----------- ##

/* confdefs.h */
#define PACKAGE_NAME ""
#define PACKAGE_TARNAME ""
#define PACKAGE_VERSION ""
#define PACKAGE_STRING ""
#define PACKAGE_BUGREPORT ""
#define PACKAGE_URL ""
#define STDC_HEADERS 1
#define HAVE_SYS_TYPES_H 1
#define HAVE_SYS_STAT_H 1
#define HAVE_STDLIB_H 1
#define HAVE_STRING_H 1
#define HAVE_MEMORY_H 1
#define HAVE_STRINGS_H 1
#define HAVE_INTTYPES_H 1
#define HAVE_STDINT_H 1
#define HAVE_UNISTD_H 1
#define __EXTENSIONS__ 1
#define _ALL_SOURCE 1
#define _GNU_SOURCE 1
#define _POSIX_PTHREAD_SEMANTICS 1
#define _TANDEM_SOURCE 1
#define STDC_HEADERS 1
#define HAVE_STRING_H 1
#define HAVE_LIMITS_H 1
#define HAVE_UNISTD_H 1
#define HAVE_SYS_SOCKET_H 1
#define HAVE_PWD_H 1
#define HAVE_GRP_H 1
#define HAVE_STRINGS_H 1
#define HAVE_SYS_SEM_H 1
#define HAVE_SYS_SDT_H 1
#define HAVE_SYS_WAIT_H 1
#define HAVE_GETPWNAM 1
#define HAVE_GETGRNAM 1
#define HAVE_INITGROUPS 1
#define HAVE_TIMEGM 1
#define HAVE_GETPGID 1
#define HAVE_GMTOFF 1
#define HAVE_OPENSSL_ENGINE_H 1
#define HAVE_SSLEAY_VERSION 1
#define HAVE_SSL_CTX_NEW 1
#define HAVE_ENGINE_INIT 1
#define HAVE_ENGINE_LOAD_BUILTIN_ENGINES 1
#define HAVE_OPENSSL 1
#define HAVE_SYS_TIME_H 1
#define HAVE_SYS_RESOURCE_H 1
#define HAVE_SYS_SEM_H 1
#define HAVE_SYS_IPC_H 1
#define HAVE_SETSID 1
#define HAVE_KILLPG 1
#define HAVE_UNISTD_H 1
#define HAVE_SYSLOG 1
#define HAVE_SYS_TIMES_H 1
#define HAVE_TIMES 1
#define HAVE_KQUEUE 1
#define HAVE_PTHREAD_KILL 1
#define AP_USING_AUTOCONF 1
#define SINGLE_LISTEN_UNSERIALIZED_ACCEPT 1
#define AP_NONBLOCK_WHEN_MULTI_LISTEN 1
#define AP_ENABLE_V4_MAPPED 1
#define HTTPD_ROOT "/usr/local2/apache2"
#define SERVER_CONFIG_FILE "conf/httpd.conf"
#define AP_TYPES_CONFIG_FILE "conf/mime.types"

configure: exit 0
