This file contains any messages produced by compilers while
running configure, to aid debugging if configure makes a mistake.

It was created by configure, which was
generated by GNU Autoconf 2.69.  Invocation command line was

  $ /Users/jim/src/asf/code/dev/httpd-trunk/srclib/apr-util/configure --disable-option-checking --prefix=/usr/local2/apache2 --enable-mods-static=most --enable-proxy --enable-proxy-fcgi --enable-maintainer-mode --with-included-apr --enable-substitute --enable-version --with-mpm=event CC=gcc  --cache-file=/dev/null --srcdir=/Users/jim/src/asf/code/dev/httpd-trunk/srclib/apr-util --with-apr=../apr --prefix=/usr/local2/apache2 --exec-prefix=/usr/local2/apache2 --libdir=${prefix}/lib --includedir=/usr/local2/apache2/include --bindir=${prefix}/bin

## --------- ##
## Platform. ##
## --------- ##

hostname = jimsys
uname -m = x86_64
uname -r = 12.1.0
uname -s = Darwin
uname -v = Darwin Kernel Version 12.1.0: Tue Aug 14 13:29:55 PDT 2012; root:xnu-2050.9.2~1/RELEASE_X86_64

/usr/bin/uname -p = i386
/bin/uname -X     = unknown

/bin/arch              = unknown
/usr/bin/arch -k       = unknown
/usr/convex/getsysinfo = unknown
/usr/bin/hostinfo      = Mach kernel version:
	 Darwin Kernel Version 12.1.0: Tue Aug 14 13:29:55 PDT 2012; root:xnu-2050.9.2~1/RELEASE_X86_64
Kernel configured for up to 8 processors.
8 processors are physically available.
8 processors are logically available.
Processor type: i486 (Intel 80486)
Processors active: 0 1 2 3 4 5 6 7
Primary memory available: 24.00 gigabytes
Default processor set: 147 tasks, 679 threads, 8 processors
Load average: 1.44, Mach factor: 6.54
/bin/machine           = unknown
/usr/bin/oslevel       = unknown
/bin/universe          = unknown

PATH: /usr/local/local2/bin
PATH: /usr/local/local2/sbin
PATH: /usr/local/bin
PATH: /usr/local/sbin
PATH: /usr/bin
PATH: /bin
PATH: /usr/sbin
PATH: /sbin
PATH: /opt/X11/bin
PATH: /Users/jim/bin
PATH: .


## ----------- ##
## Core tests. ##
## ----------- ##

configure:2605: checking build system type
configure:2619: result: x86_64-apple-darwin12.1.0
configure:2639: checking host system type
configure:2652: result: x86_64-apple-darwin12.1.0
configure:2672: checking target system type
configure:2685: result: x86_64-apple-darwin12.1.0
configure:2727: checking for a BSD-compatible install
configure:2795: result: /usr/local/bin/ginstall -c
configure:2823: checking for working mkdir -p
configure:2839: result: yes
configure:2933: checking for chosen layout
configure:2935: result: apr-util
configure:3107: checking for gcc
configure:3134: result: gcc 
configure:3363: checking for C compiler version
configure:3372: gcc  --version >&5
i686-apple-darwin11-llvm-gcc-4.2 (GCC) 4.2.1 (Based on Apple Inc. build 5658) (LLVM build 2336.11.00)
Copyright (C) 2007 Free Software Foundation, Inc.
This is free software; see the source for copying conditions.  There is NO
warranty; not even for MERCHANTABILITY or FITNESS FOR A PARTICULAR PURPOSE.

configure:3383: $? = 0
configure:3372: gcc  -v >&5
Using built-in specs.
Target: i686-apple-darwin11
Configured with: /private/var/tmp/llvmgcc42/llvmgcc42-2336.11~28/src/configure --disable-checking --enable-werror --prefix=/Applications/Xcode.app/Contents/Developer/usr/llvm-gcc-4.2 --mandir=/share/man --enable-languages=c,objc,c++,obj-c++ --program-prefix=llvm- --program-transform-name=/^[cg][^.-]*$/s/$/-4.2/ --with-slibdir=/usr/lib --build=i686-apple-darwin11 --enable-llvm=/private/var/tmp/llvmgcc42/llvmgcc42-2336.11~28/dst-llvmCore/Developer/usr/local --program-prefix=i686-apple-darwin11- --host=x86_64-apple-darwin11 --target=i686-apple-darwin11 --with-gxx-include-dir=/usr/include/c++/4.2.1
Thread model: posix
gcc version 4.2.1 (Based on Apple Inc. build 5658) (LLVM build 2336.11.00)
configure:3383: $? = 0
configure:3372: gcc  -V >&5
llvm-gcc-4.2: argument to `-V' is missing
configure:3383: $? = 1
configure:3372: gcc  -qversion >&5
i686-apple-darwin11-llvm-gcc-4.2: no input files
configure:3383: $? = 1
configure:3403: checking whether the C compiler works
configure:3425: gcc     conftest.c  >&5
configure:3429: $? = 0
configure:3477: result: yes
configure:3480: checking for C compiler default output file name
configure:3482: result: a.out
configure:3488: checking for suffix of executables
configure:3495: gcc  -o conftest    conftest.c  >&5
configure:3499: $? = 0
configure:3521: result: 
configure:3543: checking whether we are cross compiling
configure:3551: gcc  -o conftest    conftest.c  >&5
configure:3555: $? = 0
configure:3562: ./conftest
configure:3566: $? = 0
configure:3581: result: no
configure:3586: checking for suffix of object files
configure:3608: gcc  -c   conftest.c >&5
configure:3612: $? = 0
configure:3633: result: o
configure:3637: checking whether we are using the GNU C compiler
configure:3656: gcc  -c   conftest.c >&5
configure:3656: $? = 0
configure:3665: result: yes
configure:3674: checking whether gcc  accepts -g
configure:3694: gcc  -c -g  conftest.c >&5
configure:3694: $? = 0
configure:3735: result: yes
configure:3752: checking for gcc  option to accept ISO C89
configure:3815: gcc   -c -g -O2  conftest.c >&5
configure:3815: $? = 0
configure:3828: result: none needed
configure:4005: checking for APR
configure:4084: result: yes
configure:4351: checking how to run the C preprocessor
configure:4421: result: gcc -E
configure:4441: gcc -E  -DDARWIN -DSIGPROCMASK_SETS_THREAD_MASK -no-cpp-precomp -DDARWIN_10 conftest.c
configure:4441: $? = 0
configure:4455: gcc -E  -DDARWIN -DSIGPROCMASK_SETS_THREAD_MASK -no-cpp-precomp -DDARWIN_10 conftest.c
conftest.c:9:28: error: ac_nonexistent.h: No such file or directory
configure:4455: $? = 1
configure: failed program was:
| /* confdefs.h */
| #define PACKAGE_NAME ""
| #define PACKAGE_TARNAME ""
| #define PACKAGE_VERSION ""
| #define PACKAGE_STRING ""
| #define PACKAGE_BUGREPORT ""
| #define PACKAGE_URL ""
| /* end confdefs.h.  */
| #include <ac_nonexistent.h>
configure:4484: checking for grep that handles long lines and -e
configure:4542: result: /usr/bin/grep
configure:4547: checking for egrep
configure:4609: result: /usr/bin/grep -E
configure:4614: checking for ANSI C header files
configure:4634: gcc  -c -g -O2 -Wall -Wmissing-prototypes -Wstrict-prototypes -Wmissing-declarations  -DDARWIN -DSIGPROCMASK_SETS_THREAD_MASK -no-cpp-precomp -DDARWIN_10 conftest.c >&5
conftest.c:16: warning: function declaration isn't a prototype
configure:4634: $? = 0
configure:4707: gcc  -o conftest -g -O2 -Wall -Wmissing-prototypes -Wstrict-prototypes -Wmissing-declarations  -DDARWIN -DSIGPROCMASK_SETS_THREAD_MASK -no-cpp-precomp -DDARWIN_10  conftest.c  >&5
conftest.c:22: warning: function declaration isn't a prototype
configure:4707: $? = 0
configure:4707: ./conftest
configure:4707: $? = 0
configure:4718: result: yes
configure:4731: checking for sys/types.h
configure:4731: gcc  -c -g -O2 -Wall -Wmissing-prototypes -Wstrict-prototypes -Wmissing-declarations  -DDARWIN -DSIGPROCMASK_SETS_THREAD_MASK -no-cpp-precomp -DDARWIN_10 conftest.c >&5
configure:4731: $? = 0
configure:4731: result: yes
configure:4731: checking for sys/stat.h
configure:4731: gcc  -c -g -O2 -Wall -Wmissing-prototypes -Wstrict-prototypes -Wmissing-declarations  -DDARWIN -DSIGPROCMASK_SETS_THREAD_MASK -no-cpp-precomp -DDARWIN_10 conftest.c >&5
configure:4731: $? = 0
configure:4731: result: yes
configure:4731: checking for stdlib.h
configure:4731: gcc  -c -g -O2 -Wall -Wmissing-prototypes -Wstrict-prototypes -Wmissing-declarations  -DDARWIN -DSIGPROCMASK_SETS_THREAD_MASK -no-cpp-precomp -DDARWIN_10 conftest.c >&5
configure:4731: $? = 0
configure:4731: result: yes
configure:4731: checking for string.h
configure:4731: gcc  -c -g -O2 -Wall -Wmissing-prototypes -Wstrict-prototypes -Wmissing-declarations  -DDARWIN -DSIGPROCMASK_SETS_THREAD_MASK -no-cpp-precomp -DDARWIN_10 conftest.c >&5
configure:4731: $? = 0
configure:4731: result: yes
configure:4731: checking for memory.h
configure:4731: gcc  -c -g -O2 -Wall -Wmissing-prototypes -Wstrict-prototypes -Wmissing-declarations  -DDARWIN -DSIGPROCMASK_SETS_THREAD_MASK -no-cpp-precomp -DDARWIN_10 conftest.c >&5
configure:4731: $? = 0
configure:4731: result: yes
configure:4731: checking for strings.h
configure:4731: gcc  -c -g -O2 -Wall -Wmissing-prototypes -Wstrict-prototypes -Wmissing-declarations  -DDARWIN -DSIGPROCMASK_SETS_THREAD_MASK -no-cpp-precomp -DDARWIN_10 conftest.c >&5
configure:4731: $? = 0
configure:4731: result: yes
configure:4731: checking for inttypes.h
configure:4731: gcc  -c -g -O2 -Wall -Wmissing-prototypes -Wstrict-prototypes -Wmissing-declarations  -DDARWIN -DSIGPROCMASK_SETS_THREAD_MASK -no-cpp-precomp -DDARWIN_10 conftest.c >&5
configure:4731: $? = 0
configure:4731: result: yes
configure:4731: checking for stdint.h
configure:4731: gcc  -c -g -O2 -Wall -Wmissing-prototypes -Wstrict-prototypes -Wmissing-declarations  -DDARWIN -DSIGPROCMASK_SETS_THREAD_MASK -no-cpp-precomp -DDARWIN_10 conftest.c >&5
configure:4731: $? = 0
configure:4731: result: yes
configure:4731: checking for unistd.h
configure:4731: gcc  -c -g -O2 -Wall -Wmissing-prototypes -Wstrict-prototypes -Wmissing-declarations  -DDARWIN -DSIGPROCMASK_SETS_THREAD_MASK -no-cpp-precomp -DDARWIN_10 conftest.c >&5
configure:4731: $? = 0
configure:4731: result: yes
configure:30000: checking for default DBM
configure:30002: result: sdbm (default)
configure:30772: checking for pg_config
configure:30790: found /usr/bin/pg_config
configure:30802: result: /usr/bin/pg_config
configure:30860: checking libpq-fe.h usability
configure:30860: gcc  -c -g -O2 -Wall -Wmissing-prototypes -Wstrict-prototypes -Wmissing-declarations  -DDARWIN -DSIGPROCMASK_SETS_THREAD_MASK -no-cpp-precomp -DDARWIN_10 -I/usr/include conftest.c >&5
configure:30860: $? = 0
configure:30860: result: yes
configure:30860: checking libpq-fe.h presence
configure:30860: gcc -E  -DDARWIN -DSIGPROCMASK_SETS_THREAD_MASK -no-cpp-precomp -DDARWIN_10 -I/usr/include conftest.c
configure:30860: $? = 0
configure:30860: result: yes
configure:30860: checking for libpq-fe.h
configure:30860: result: yes
configure:30866: checking for PQsendQueryPrepared in -lpq
configure:30891: gcc  -o conftest -g -O2 -Wall -Wmissing-prototypes -Wstrict-prototypes -Wmissing-declarations  -DDARWIN -DSIGPROCMASK_SETS_THREAD_MASK -no-cpp-precomp -DDARWIN_10 -I/usr/include -L/usr/lib conftest.c -lpq   >&5
conftest.c:27: warning: function declaration isn't a prototype
conftest.c:30: warning: function declaration isn't a prototype
configure:30891: $? = 0
configure:30900: result: yes
configure:31838: checking sqlite3.h usability
configure:31838: gcc  -c -g -O2 -Wall -Wmissing-prototypes -Wstrict-prototypes -Wmissing-declarations  -DDARWIN -DSIGPROCMASK_SETS_THREAD_MASK -no-cpp-precomp -DDARWIN_10 conftest.c >&5
configure:31838: $? = 0
configure:31838: result: yes
configure:31838: checking sqlite3.h presence
configure:31838: gcc -E  -DDARWIN -DSIGPROCMASK_SETS_THREAD_MASK -no-cpp-precomp -DDARWIN_10 conftest.c
configure:31838: $? = 0
configure:31838: result: yes
configure:31838: checking for sqlite3.h
configure:31838: result: yes
configure:31843: checking for sqlite3_open in -lsqlite3
configure:31868: gcc  -o conftest -g -O2 -Wall -Wmissing-prototypes -Wstrict-prototypes -Wmissing-declarations  -DDARWIN -DSIGPROCMASK_SETS_THREAD_MASK -no-cpp-precomp -DDARWIN_10  conftest.c -lsqlite3   >&5
conftest.c:28: warning: function declaration isn't a prototype
conftest.c:31: warning: function declaration isn't a prototype
configure:31868: $? = 0
configure:31877: result: yes
configure:32096: checking sqlite.h usability
configure:32096: gcc  -c -g -O2 -Wall -Wmissing-prototypes -Wstrict-prototypes -Wmissing-declarations  -DDARWIN -DSIGPROCMASK_SETS_THREAD_MASK -no-cpp-precomp -DDARWIN_10 conftest.c >&5
conftest.c:54:20: error: sqlite.h: No such file or directory
configure:32096: $? = 1
configure: failed program was:
| /* confdefs.h */
| #define PACKAGE_NAME ""
| #define PACKAGE_TARNAME ""
| #define PACKAGE_VERSION ""
| #define PACKAGE_STRING ""
| #define PACKAGE_BUGREPORT ""
| #define PACKAGE_URL ""
| #define STDC_HEADERS 1
| #define HAVE_SYS_TYPES_H 1
| #define HAVE_SYS_STAT_H 1
| #define HAVE_STDLIB_H 1
| #define HAVE_STRING_H 1
| #define HAVE_MEMORY_H 1
| #define HAVE_STRINGS_H 1
| #define HAVE_INTTYPES_H 1
| #define HAVE_STDINT_H 1
| #define HAVE_UNISTD_H 1
| #define HAVE_LIBPQ_FE_H 1
| #define HAVE_SQLITE3_H 1
| /* end confdefs.h.  */
| #include <stdio.h>
| #ifdef HAVE_SYS_TYPES_H
| # include <sys/types.h>
| #endif
| #ifdef HAVE_SYS_STAT_H
| # include <sys/stat.h>
| #endif
| #ifdef STDC_HEADERS
| # include <stdlib.h>
| # include <stddef.h>
| #else
| # ifdef HAVE_STDLIB_H
| #  include <stdlib.h>
| # endif
| #endif
| #ifdef HAVE_STRING_H
| # if !defined STDC_HEADERS && defined HAVE_MEMORY_H
| #  include <memory.h>
| # endif
| # include <string.h>
| #endif
| #ifdef HAVE_STRINGS_H
| # include <strings.h>
| #endif
| #ifdef HAVE_INTTYPES_H
| # include <inttypes.h>
| #endif
| #ifdef HAVE_STDINT_H
| # include <stdint.h>
| #endif
| #ifdef HAVE_UNISTD_H
| # include <unistd.h>
| #endif
| #include <sqlite.h>
configure:32096: result: no
configure:32096: checking sqlite.h presence
configure:32096: gcc -E  -DDARWIN -DSIGPROCMASK_SETS_THREAD_MASK -no-cpp-precomp -DDARWIN_10 conftest.c
conftest.c:21:20: error: sqlite.h: No such file or directory
configure:32096: $? = 1
configure: failed program was:
| /* confdefs.h */
| #define PACKAGE_NAME ""
| #define PACKAGE_TARNAME ""
| #define PACKAGE_VERSION ""
| #define PACKAGE_STRING ""
| #define PACKAGE_BUGREPORT ""
| #define PACKAGE_URL ""
| #define STDC_HEADERS 1
| #define HAVE_SYS_TYPES_H 1
| #define HAVE_SYS_STAT_H 1
| #define HAVE_STDLIB_H 1
| #define HAVE_STRING_H 1
| #define HAVE_MEMORY_H 1
| #define HAVE_STRINGS_H 1
| #define HAVE_INTTYPES_H 1
| #define HAVE_STDINT_H 1
| #define HAVE_UNISTD_H 1
| #define HAVE_LIBPQ_FE_H 1
| #define HAVE_SQLITE3_H 1
| /* end confdefs.h.  */
| #include <sqlite.h>
configure:32096: result: no
configure:32096: checking for sqlite.h
configure:32096: result: no
configure:33070: checking sybdb.h usability
configure:33070: gcc  -c -g -O2 -Wall -Wmissing-prototypes -Wstrict-prototypes -Wmissing-declarations  -DDARWIN -DSIGPROCMASK_SETS_THREAD_MASK -no-cpp-precomp -DDARWIN_10 conftest.c >&5
conftest.c:54:19: error: sybdb.h: No such file or directory
configure:33070: $? = 1
configure: failed program was:
| /* confdefs.h */
| #define PACKAGE_NAME ""
| #define PACKAGE_TARNAME ""
| #define PACKAGE_VERSION ""
| #define PACKAGE_STRING ""
| #define PACKAGE_BUGREPORT ""
| #define PACKAGE_URL ""
| #define STDC_HEADERS 1
| #define HAVE_SYS_TYPES_H 1
| #define HAVE_SYS_STAT_H 1
| #define HAVE_STDLIB_H 1
| #define HAVE_STRING_H 1
| #define HAVE_MEMORY_H 1
| #define HAVE_STRINGS_H 1
| #define HAVE_INTTYPES_H 1
| #define HAVE_STDINT_H 1
| #define HAVE_UNISTD_H 1
| #define HAVE_LIBPQ_FE_H 1
| #define HAVE_SQLITE3_H 1
| /* end confdefs.h.  */
| #include <stdio.h>
| #ifdef HAVE_SYS_TYPES_H
| # include <sys/types.h>
| #endif
| #ifdef HAVE_SYS_STAT_H
| # include <sys/stat.h>
| #endif
| #ifdef STDC_HEADERS
| # include <stdlib.h>
| # include <stddef.h>
| #else
| # ifdef HAVE_STDLIB_H
| #  include <stdlib.h>
| # endif
| #endif
| #ifdef HAVE_STRING_H
| # if !defined STDC_HEADERS && defined HAVE_MEMORY_H
| #  include <memory.h>
| # endif
| # include <string.h>
| #endif
| #ifdef HAVE_STRINGS_H
| # include <strings.h>
| #endif
| #ifdef HAVE_INTTYPES_H
| # include <inttypes.h>
| #endif
| #ifdef HAVE_STDINT_H
| # include <stdint.h>
| #endif
| #ifdef HAVE_UNISTD_H
| # include <unistd.h>
| #endif
| #include <sybdb.h>
configure:33070: result: no
configure:33070: checking sybdb.h presence
configure:33070: gcc -E  -DDARWIN -DSIGPROCMASK_SETS_THREAD_MASK -no-cpp-precomp -DDARWIN_10 conftest.c
conftest.c:21:19: error: sybdb.h: No such file or directory
configure:33070: $? = 1
configure: failed program was:
| /* confdefs.h */
| #define PACKAGE_NAME ""
| #define PACKAGE_TARNAME ""
| #define PACKAGE_VERSION ""
| #define PACKAGE_STRING ""
| #define PACKAGE_BUGREPORT ""
| #define PACKAGE_URL ""
| #define STDC_HEADERS 1
| #define HAVE_SYS_TYPES_H 1
| #define HAVE_SYS_STAT_H 1
| #define HAVE_STDLIB_H 1
| #define HAVE_STRING_H 1
| #define HAVE_MEMORY_H 1
| #define HAVE_STRINGS_H 1
| #define HAVE_INTTYPES_H 1
| #define HAVE_STDINT_H 1
| #define HAVE_UNISTD_H 1
| #define HAVE_LIBPQ_FE_H 1
| #define HAVE_SQLITE3_H 1
| /* end confdefs.h.  */
| #include <sybdb.h>
configure:33070: result: no
configure:33070: checking for sybdb.h
configure:33070: result: no
configure:33122: checking freetds/sybdb.h usability
configure:33122: gcc  -c -g -O2 -Wall -Wmissing-prototypes -Wstrict-prototypes -Wmissing-declarations  -DDARWIN -DSIGPROCMASK_SETS_THREAD_MASK -no-cpp-precomp -DDARWIN_10 conftest.c >&5
conftest.c:54:27: error: freetds/sybdb.h: No such file or directory
configure:33122: $? = 1
configure: failed program was:
| /* confdefs.h */
| #define PACKAGE_NAME ""
| #define PACKAGE_TARNAME ""
| #define PACKAGE_VERSION ""
| #define PACKAGE_STRING ""
| #define PACKAGE_BUGREPORT ""
| #define PACKAGE_URL ""
| #define STDC_HEADERS 1
| #define HAVE_SYS_TYPES_H 1
| #define HAVE_SYS_STAT_H 1
| #define HAVE_STDLIB_H 1
| #define HAVE_STRING_H 1
| #define HAVE_MEMORY_H 1
| #define HAVE_STRINGS_H 1
| #define HAVE_INTTYPES_H 1
| #define HAVE_STDINT_H 1
| #define HAVE_UNISTD_H 1
| #define HAVE_LIBPQ_FE_H 1
| #define HAVE_SQLITE3_H 1
| /* end confdefs.h.  */
| #include <stdio.h>
| #ifdef HAVE_SYS_TYPES_H
| # include <sys/types.h>
| #endif
| #ifdef HAVE_SYS_STAT_H
| # include <sys/stat.h>
| #endif
| #ifdef STDC_HEADERS
| # include <stdlib.h>
| # include <stddef.h>
| #else
| # ifdef HAVE_STDLIB_H
| #  include <stdlib.h>
| # endif
| #endif
| #ifdef HAVE_STRING_H
| # if !defined STDC_HEADERS && defined HAVE_MEMORY_H
| #  include <memory.h>
| # endif
| # include <string.h>
| #endif
| #ifdef HAVE_STRINGS_H
| # include <strings.h>
| #endif
| #ifdef HAVE_INTTYPES_H
| # include <inttypes.h>
| #endif
| #ifdef HAVE_STDINT_H
| # include <stdint.h>
| #endif
| #ifdef HAVE_UNISTD_H
| # include <unistd.h>
| #endif
| #include <freetds/sybdb.h>
configure:33122: result: no
configure:33122: checking freetds/sybdb.h presence
configure:33122: gcc -E  -DDARWIN -DSIGPROCMASK_SETS_THREAD_MASK -no-cpp-precomp -DDARWIN_10 conftest.c
conftest.c:21:27: error: freetds/sybdb.h: No such file or directory
configure:33122: $? = 1
configure: failed program was:
| /* confdefs.h */
| #define PACKAGE_NAME ""
| #define PACKAGE_TARNAME ""
| #define PACKAGE_VERSION ""
| #define PACKAGE_STRING ""
| #define PACKAGE_BUGREPORT ""
| #define PACKAGE_URL ""
| #define STDC_HEADERS 1
| #define HAVE_SYS_TYPES_H 1
| #define HAVE_SYS_STAT_H 1
| #define HAVE_STDLIB_H 1
| #define HAVE_STRING_H 1
| #define HAVE_MEMORY_H 1
| #define HAVE_STRINGS_H 1
| #define HAVE_INTTYPES_H 1
| #define HAVE_STDINT_H 1
| #define HAVE_UNISTD_H 1
| #define HAVE_LIBPQ_FE_H 1
| #define HAVE_SQLITE3_H 1
| /* end confdefs.h.  */
| #include <freetds/sybdb.h>
configure:33122: result: no
configure:33122: checking for freetds/sybdb.h
configure:33122: result: no
configure:33693: checking for odbc_config
configure:33726: result: no
configure:33803: checking sql.h usability
configure:33803: gcc  -c -g -O2 -Wall -Wmissing-prototypes -Wstrict-prototypes -Wmissing-declarations  -DDARWIN -DSIGPROCMASK_SETS_THREAD_MASK -no-cpp-precomp -DDARWIN_10 conftest.c >&5
configure:33803: $? = 0
configure:33803: result: yes
configure:33803: checking sql.h presence
configure:33803: gcc -E  -DDARWIN -DSIGPROCMASK_SETS_THREAD_MASK -no-cpp-precomp -DDARWIN_10 conftest.c
configure:33803: $? = 0
configure:33803: result: yes
configure:33803: checking for sql.h
configure:33803: result: yes
configure:33808: checking for SQLAllocHandle in -lodbc
configure:33833: gcc  -o conftest -g -O2 -Wall -Wmissing-prototypes -Wstrict-prototypes -Wmissing-declarations  -DDARWIN -DSIGPROCMASK_SETS_THREAD_MASK -no-cpp-precomp -DDARWIN_10  conftest.c -lodbc   >&5
conftest.c:29: warning: function declaration isn't a prototype
conftest.c:32: warning: function declaration isn't a prototype
configure:33833: $? = 0
configure:33842: result: yes
configure:34071: checking Expat 1.95.x
configure:34091: gcc  -o conftest -g -O2 -Wall -Wmissing-prototypes -Wstrict-prototypes -Wmissing-declarations  -DDARWIN -DSIGPROCMASK_SETS_THREAD_MASK -no-cpp-precomp -DDARWIN_10  conftest.c  -lexpat >&5
conftest.c:26: warning: function declaration isn't a prototype
configure:34091: $? = 0
configure:34101: result: yes
configure:34792: checking iconv.h usability
configure:34792: gcc  -c -g -O2 -Wall -Wmissing-prototypes -Wstrict-prototypes -Wmissing-declarations  -DDARWIN -DSIGPROCMASK_SETS_THREAD_MASK -no-cpp-precomp -DDARWIN_10 conftest.c >&5
configure:34792: $? = 0
configure:34792: result: yes
configure:34792: checking iconv.h presence
configure:34792: gcc -E  -DDARWIN -DSIGPROCMASK_SETS_THREAD_MASK -no-cpp-precomp -DDARWIN_10 conftest.c
configure:34792: $? = 0
configure:34792: result: yes
configure:34792: checking for iconv.h
configure:34792: result: yes
configure:34813: gcc  -o conftest -g -O2 -Wall -Wmissing-prototypes -Wstrict-prototypes -Wmissing-declarations  -DDARWIN -DSIGPROCMASK_SETS_THREAD_MASK -no-cpp-precomp -DDARWIN_10  conftest.c  >&5
conftest.c:29: warning: function declaration isn't a prototype
Undefined symbols for architecture x86_64:
  "_libiconv", referenced from:
      _main in ccAgY7Rp.o
  "_libiconv_open", referenced from:
      _main in ccAgY7Rp.o
ld: symbol(s) not found for architecture x86_64
collect2: ld returned 1 exit status
configure:34813: $? = 1
configure: failed program was:
| /* confdefs.h */
| #define PACKAGE_NAME ""
| #define PACKAGE_TARNAME ""
| #define PACKAGE_VERSION ""
| #define PACKAGE_STRING ""
| #define PACKAGE_BUGREPORT ""
| #define PACKAGE_URL ""
| #define STDC_HEADERS 1
| #define HAVE_SYS_TYPES_H 1
| #define HAVE_SYS_STAT_H 1
| #define HAVE_STDLIB_H 1
| #define HAVE_STRING_H 1
| #define HAVE_MEMORY_H 1
| #define HAVE_STRINGS_H 1
| #define HAVE_INTTYPES_H 1
| #define HAVE_STDINT_H 1
| #define HAVE_UNISTD_H 1
| #define HAVE_LIBPQ_FE_H 1
| #define HAVE_SQLITE3_H 1
| #define HAVE_SQL_H 1
| #define HAVE_EXPAT_H 1
| /* end confdefs.h.  */
| 
| #include <stdlib.h>
| #include <iconv.h>
| 
| int
| main ()
| {
| 
|   iconv_t cd = iconv_open("", "");
|   iconv(cd, NULL, NULL, NULL, NULL);
| 
|   ;
|   return 0;
| }
configure:34858: gcc  -o conftest -g -O2 -Wall -Wmissing-prototypes -Wstrict-prototypes -Wmissing-declarations  -DDARWIN -DSIGPROCMASK_SETS_THREAD_MASK -no-cpp-precomp -DDARWIN_10  conftest.c -liconv >&5
conftest.c:29: warning: function declaration isn't a prototype
Undefined symbols for architecture x86_64:
  "_libiconv", referenced from:
      _main in ccrpbvVN.o
  "_libiconv_open", referenced from:
      _main in ccrpbvVN.o
ld: symbol(s) not found for architecture x86_64
collect2: ld returned 1 exit status
configure:34858: $? = 1
configure: failed program was:
| /* confdefs.h */
| #define PACKAGE_NAME ""
| #define PACKAGE_TARNAME ""
| #define PACKAGE_VERSION ""
| #define PACKAGE_STRING ""
| #define PACKAGE_BUGREPORT ""
| #define PACKAGE_URL ""
| #define STDC_HEADERS 1
| #define HAVE_SYS_TYPES_H 1
| #define HAVE_SYS_STAT_H 1
| #define HAVE_STDLIB_H 1
| #define HAVE_STRING_H 1
| #define HAVE_MEMORY_H 1
| #define HAVE_STRINGS_H 1
| #define HAVE_INTTYPES_H 1
| #define HAVE_STDINT_H 1
| #define HAVE_UNISTD_H 1
| #define HAVE_LIBPQ_FE_H 1
| #define HAVE_SQLITE3_H 1
| #define HAVE_SQL_H 1
| #define HAVE_EXPAT_H 1
| /* end confdefs.h.  */
| 
| #include <stdlib.h>
| #include <iconv.h>
| 
| int
| main ()
| {
| 
|   iconv_t cd = iconv_open("", "");
|   iconv(cd, NULL, NULL, NULL, NULL);
| 
|   ;
|   return 0;
| }
configure:35085: checking for iconv.h
configure:35085: result: yes
configure:35085: checking langinfo.h usability
configure:35085: gcc  -c -g -O2 -Wall -Wmissing-prototypes -Wstrict-prototypes -Wmissing-declarations  -DDARWIN -DSIGPROCMASK_SETS_THREAD_MASK -no-cpp-precomp -DDARWIN_10 conftest.c >&5
configure:35085: $? = 0
configure:35085: result: yes
configure:35085: checking langinfo.h presence
configure:35085: gcc -E  -DDARWIN -DSIGPROCMASK_SETS_THREAD_MASK -no-cpp-precomp -DDARWIN_10 conftest.c
configure:35085: $? = 0
configure:35085: result: yes
configure:35085: checking for langinfo.h
configure:35085: result: yes
configure:35109: checking for nl_langinfo
configure:35109: gcc  -o conftest -g -O2 -Wall -Wmissing-prototypes -Wstrict-prototypes -Wmissing-declarations  -DDARWIN -DSIGPROCMASK_SETS_THREAD_MASK -no-cpp-precomp -DDARWIN_10  conftest.c  >&5
conftest.c:48: warning: function declaration isn't a prototype
conftest.c:58: warning: function declaration isn't a prototype
configure:35109: $? = 0
configure:35109: result: yes
configure:35129: checking for CODESET in langinfo.h
configure:35154: result: yes
configure:35178: checking whether APR has DSO support
configure:35203: result: yes
configure:35288: checking for library containing crypt
configure:35319: gcc  -o conftest -g -O2 -Wall -Wmissing-prototypes -Wstrict-prototypes -Wmissing-declarations  -DDARWIN -DSIGPROCMASK_SETS_THREAD_MASK -no-cpp-precomp -DDARWIN_10  conftest.c  >&5
conftest.c:35: warning: function declaration isn't a prototype
conftest.c:38: warning: function declaration isn't a prototype
configure:35319: $? = 0
configure:35336: result: none required
configure:35344: checking if system crypt() function is threadsafe
configure:35354: result: no
configure:35359: checking for crypt_r
configure:35359: gcc  -o conftest -g -O2 -Wall -Wmissing-prototypes -Wstrict-prototypes -Wmissing-declarations  -DDARWIN -DSIGPROCMASK_SETS_THREAD_MASK -no-cpp-precomp -DDARWIN_10  conftest.c  >&5
conftest.c:51: warning: function declaration isn't a prototype
conftest.c:61: warning: function declaration isn't a prototype
Undefined symbols for architecture x86_64:
  "_crypt_r", referenced from:
      _main in ccvJXuO0.o
ld: symbol(s) not found for architecture x86_64
collect2: ld returned 1 exit status
configure:35359: $? = 1
configure: failed program was:
| /* confdefs.h */
| #define PACKAGE_NAME ""
| #define PACKAGE_TARNAME ""
| #define PACKAGE_VERSION ""
| #define PACKAGE_STRING ""
| #define PACKAGE_BUGREPORT ""
| #define PACKAGE_URL ""
| #define STDC_HEADERS 1
| #define HAVE_SYS_TYPES_H 1
| #define HAVE_SYS_STAT_H 1
| #define HAVE_STDLIB_H 1
| #define HAVE_STRING_H 1
| #define HAVE_MEMORY_H 1
| #define HAVE_STRINGS_H 1
| #define HAVE_INTTYPES_H 1
| #define HAVE_STDINT_H 1
| #define HAVE_UNISTD_H 1
| #define HAVE_LIBPQ_FE_H 1
| #define HAVE_SQLITE3_H 1
| #define HAVE_SQL_H 1
| #define HAVE_EXPAT_H 1
| #define HAVE_ICONV_H 1
| #define HAVE_LANGINFO_H 1
| #define HAVE_NL_LANGINFO 1
| #define HAVE_CODESET 1
| #define APU_DSO_BUILD 1
| /* end confdefs.h.  */
| /* Define crypt_r to an innocuous variant, in case <limits.h> declares crypt_r.
|    For example, HP-UX 11i <limits.h> declares gettimeofday.  */
| #define crypt_r innocuous_crypt_r
| 
| /* System header to define __stub macros and hopefully few prototypes,
|     which can conflict with char crypt_r (); below.
|     Prefer <limits.h> to <assert.h> if __STDC__ is defined, since
|     <limits.h> exists even on freestanding compilers.  */
| 
| #ifdef __STDC__
| # include <limits.h>
| #else
| # include <assert.h>
| #endif
| 
| #undef crypt_r
| 
| /* Override any GCC internal prototype to avoid an error.
|    Use char because int might match the return type of a GCC
|    builtin and then its argument prototype would still apply.  */
| #ifdef __cplusplus
| extern "C"
| #endif
| char crypt_r ();
| /* The GNU C library defines this for functions which it implements
|     to always fail with ENOSYS.  Some functions are actually named
|     something starting with __ and the normal name is an alias.  */
| #if defined __stub_crypt_r || defined __stub___crypt_r
| choke me
| #endif
| 
| int
| main ()
| {
| return crypt_r ();
|   ;
|   return 0;
| }
configure:35359: result: no
configure:35648: creating ./config.status

## ---------------------- ##
## Running config.status. ##
## ---------------------- ##

This file was extended by config.status, which was
generated by GNU Autoconf 2.69.  Invocation command line was

  CONFIG_FILES    = 
  CONFIG_HEADERS  = 
  CONFIG_LINKS    = 
  CONFIG_COMMANDS = 
  $ ./config.status 

on jimsys

config.status:934: creating Makefile
config.status:934: creating export_vars.sh
config.status:934: creating build/pkg/pkginfo
config.status:934: creating apr-util.pc
config.status:934: creating apu-1-config
config.status:934: creating include/private/apu_select_dbm.h
config.status:934: creating include/apr_ldap.h
config.status:934: creating include/apu.h
config.status:934: creating include/apu_want.h
config.status:934: creating test/Makefile
config.status:934: creating include/private/apu_config.h
config.status:1123: executing default commands

## ---------------- ##
## Cache variables. ##
## ---------------- ##

ac_cv_build=x86_64-apple-darwin12.1.0
ac_cv_c_compiler_gnu=yes
ac_cv_define_CODESET=yes
ac_cv_env_CC_set=set
ac_cv_env_CC_value='gcc '
ac_cv_env_CFLAGS_set=
ac_cv_env_CFLAGS_value=
ac_cv_env_CPPFLAGS_set=
ac_cv_env_CPPFLAGS_value=
ac_cv_env_CPP_set=
ac_cv_env_CPP_value=
ac_cv_env_LDFLAGS_set=
ac_cv_env_LDFLAGS_value=
ac_cv_env_LIBS_set=
ac_cv_env_LIBS_value=
ac_cv_env_build_alias_set=
ac_cv_env_build_alias_value=
ac_cv_env_host_alias_set=
ac_cv_env_host_alias_value=
ac_cv_env_target_alias_set=
ac_cv_env_target_alias_value=
ac_cv_func_crypt_r=no
ac_cv_func_nl_langinfo=yes
ac_cv_header_freetds_sybdb_h=no
ac_cv_header_iconv_h=yes
ac_cv_header_inttypes_h=yes
ac_cv_header_langinfo_h=yes
ac_cv_header_libpq_fe_h=yes
ac_cv_header_memory_h=yes
ac_cv_header_sql_h=yes
ac_cv_header_sqlite3_h=yes
ac_cv_header_sqlite_h=no
ac_cv_header_stdc=yes
ac_cv_header_stdint_h=yes
ac_cv_header_stdlib_h=yes
ac_cv_header_string_h=yes
ac_cv_header_strings_h=yes
ac_cv_header_sybdb_h=no
ac_cv_header_sys_stat_h=yes
ac_cv_header_sys_types_h=yes
ac_cv_header_unistd_h=yes
ac_cv_host=x86_64-apple-darwin12.1.0
ac_cv_lib_odbc_SQLAllocHandle=yes
ac_cv_lib_pq_PQsendQueryPrepared=yes
ac_cv_lib_sqlite3_sqlite3_open=yes
ac_cv_mkdir_p=yes
ac_cv_objext=o
ac_cv_path_EGREP='/usr/bin/grep -E'
ac_cv_path_GREP=/usr/bin/grep
ac_cv_path_PGSQL_CONFIG=/usr/bin/pg_config
ac_cv_path_install='/usr/local/bin/ginstall -c'
ac_cv_prog_CPP='gcc -E'
ac_cv_prog_ac_ct_CC='gcc '
ac_cv_prog_cc_c89=
ac_cv_prog_cc_g=yes
ac_cv_search_crypt='none required'
ac_cv_target=x86_64-apple-darwin12.1.0
apu_cv_aprdso=yes
apu_cv_expat_system=yes

## ----------------- ##
## Output variables. ##
## ----------------- ##

APRUTIL_DOTTED_VERSION='1.4.3'
APRUTIL_EXPORT_LIBS='-lexpat'
APRUTIL_INCLUDES=''
APRUTIL_LDFLAGS=''
APRUTIL_LIBNAME='aprutil-${APRUTIL_MAJOR_VERSION}'
APRUTIL_LIBS='-lexpat /Users/jim/src/asf/code/dev/httpd-trunk/srclib/apr/libapr-1.la -lpthread'
APRUTIL_MAJOR_VERSION='1'
APRUTIL_PRIV_INCLUDES='-I/Users/jim/src/asf/code/dev/httpd-trunk/srclib/apr-util/include -I/Users/jim/src/asf/code/dev/httpd-trunk/srclib/apr-util/include/private -I/usr/include'
APR_BUILD_DIR='/Users/jim/src/asf/code/dev/httpd-trunk/srclib/apr/build'
APR_ICONV_DIR=''
APR_INCLUDES=' -I/Users/jim/src/asf/code/dev/httpd-trunk/srclib/apr/include '
APR_LIBS=' /Users/jim/src/asf/code/dev/httpd-trunk/srclib/apr/libapr-1.la -lpthread'
APR_XML_DIR=''
APU_CONFIG_LOCATION='source'
APU_DSO_LIBDIR='${libdir}/apr-util-1'
APU_HAVE_MODULES='yes'
APU_LTVERSION='-version-info 4:3:4'
APU_MODULES='  dbd/apr_dbd_pgsql.la dbd/apr_dbd_sqlite3.la dbd/apr_dbd_odbc.la'
CC='gcc '
CFLAGS='-g -O2 -Wall -Wmissing-prototypes -Wstrict-prototypes -Wmissing-declarations'
CPP='gcc -E'
CPPFLAGS=' -DDARWIN -DSIGPROCMASK_SETS_THREAD_MASK -no-cpp-precomp -DDARWIN_10'
DEFS='-DHAVE_CONFIG_H'
ECHO_C='\c'
ECHO_N=''
ECHO_T=''
EGREP='/usr/bin/grep -E'
EXEEXT=''
EXTRA_OBJECTS=''
GREP='/usr/bin/grep'
INCLUDE_OUTPUTS='include /Users/jim/src/asf/code/dev/httpd-trunk/srclib/apr-util/build-outputs.mk'
INCLUDE_RULES='include /Users/jim/src/asf/code/dev/httpd-trunk/srclib/apr-util/build/rules.mk'
INSTALL_DATA='${INSTALL} -m 644'
INSTALL_PROGRAM='${INSTALL}'
INSTALL_SCRIPT='${INSTALL}'
LDADD_crypto_nss=''
LDADD_crypto_openssl=''
LDADD_dbd_freetds=''
LDADD_dbd_mysql=''
LDADD_dbd_odbc=' -lodbc '
LDADD_dbd_oracle=''
LDADD_dbd_pgsql='-L/usr/lib -lpq '
LDADD_dbd_sqlite2=''
LDADD_dbd_sqlite3=' -lsqlite3'
LDADD_dbm_db=''
LDADD_dbm_gdbm=''
LDADD_dbm_ndbm=''
LDADD_ldap=''
LDFLAGS=''
LIBOBJS=''
LIBS=''
LTLIBOBJS=''
LT_NO_INSTALL=''
MYSQL_CONFIG=''
OBJEXT='o'
ODBC_CONFIG=''
PACKAGE_BUGREPORT=''
PACKAGE_NAME=''
PACKAGE_STRING=''
PACKAGE_TARNAME=''
PACKAGE_URL=''
PACKAGE_VERSION=''
PATH_SEPARATOR=':'
PGSQL_CONFIG='/usr/bin/pg_config'
PKG_CONFIG=''
SHELL='/bin/sh'
abs_builddir='/Users/jim/src/asf/code/dev/httpd-trunk/srclib/apr-util'
abs_srcdir='/Users/jim/src/asf/code/dev/httpd-trunk/srclib/apr-util'
ac_ct_CC='gcc '
apr_shlibpath_var='DYLD_LIBRARY_PATH'
apu_db_header='db.h'
apu_db_version='0'
apu_dbd_tests=' pgsql sqlite3 odbc'
apu_has_ldap='0'
apu_has_ldap_microsoft='0'
apu_has_ldap_mozilla='0'
apu_has_ldap_netscape='0'
apu_has_ldap_novell='0'
apu_has_ldap_openldap='0'
apu_has_ldap_other='0'
apu_has_ldap_solaris='0'
apu_has_ldap_sslinit='0'
apu_has_ldap_start_tls_s='0'
apu_has_ldap_tivoli='0'
apu_has_ldap_zos='0'
apu_has_ldapssl_add_trusted_cert='0'
apu_has_ldapssl_client_deinit='0'
apu_has_ldapssl_client_init='0'
apu_has_ldapssl_init='0'
apu_has_ldapssl_install_routines='0'
apu_have_crypto='0'
apu_have_db='0'
apu_have_freetds='0'
apu_have_gdbm='0'
apu_have_mysql='0'
apu_have_ndbm='0'
apu_have_nss='0'
apu_have_odbc='1'
apu_have_openssl='0'
apu_have_oracle='0'
apu_have_pgsql='1'
apu_have_sdbm='1'
apu_have_sqlite2='0'
apu_have_sqlite3='1'
apu_use_db='0'
apu_use_gdbm='0'
apu_use_ndbm='0'
apu_use_sdbm='1'
bindir='${prefix}/bin'
build='x86_64-apple-darwin12.1.0'
build_alias=''
build_cpu='x86_64'
build_os='darwin12.1.0'
build_vendor='apple'
datadir='${prefix}'
datarootdir='${prefix}/share'
docdir='${datarootdir}/doc/${PACKAGE}'
dvidir='${docdir}'
exec_prefix='/usr/local2/apache2'
have_apr_iconv='0'
have_iconv='0'
host='x86_64-apple-darwin12.1.0'
host_alias=''
host_cpu='x86_64'
host_os='darwin12.1.0'
host_vendor='apple'
htmldir='${docdir}'
includedir='/usr/local2/apache2/include'
infodir='${datarootdir}/info'
lber_h=''
ldap_h=''
ldap_ssl_h=''
lib_target='-rpath $(libdir) $(OBJECTS)'
libdir='${prefix}/lib'
libexecdir='${exec_prefix}/modules'
localedir='${datarootdir}/locale'
localstatedir='${prefix}'
mandir='${prefix}/man'
oldincludedir='/usr/include'
pdfdir='${docdir}'
prefix='/usr/local2/apache2'
program_transform_name='s,x,x,'
psdir='${docdir}'
sbindir='${exec_prefix}/bin'
sharedstatedir='${prefix}/com'
so_ext='lo'
sysconfdir='${prefix}/conf'
target='x86_64-apple-darwin12.1.0'
target_alias=''
target_cpu='x86_64'
target_os='darwin12.1.0'
target_vendor='apple'
top_builddir='/Users/jim/src/asf/code/dev/httpd-trunk/srclib/apr-util'

## ----------- ##
## confdefs.h. ##
## ----------- ##

/* confdefs.h */
#define PACKAGE_NAME ""
#define PACKAGE_TARNAME ""
#define PACKAGE_VERSION ""
#define PACKAGE_STRING ""
#define PACKAGE_BUGREPORT ""
#define PACKAGE_URL ""
#define STDC_HEADERS 1
#define HAVE_SYS_TYPES_H 1
#define HAVE_SYS_STAT_H 1
#define HAVE_STDLIB_H 1
#define HAVE_STRING_H 1
#define HAVE_MEMORY_H 1
#define HAVE_STRINGS_H 1
#define HAVE_INTTYPES_H 1
#define HAVE_STDINT_H 1
#define HAVE_UNISTD_H 1
#define HAVE_LIBPQ_FE_H 1
#define HAVE_SQLITE3_H 1
#define HAVE_SQL_H 1
#define HAVE_EXPAT_H 1
#define HAVE_ICONV_H 1
#define HAVE_LANGINFO_H 1
#define HAVE_NL_LANGINFO 1
#define HAVE_CODESET 1
#define APU_DSO_BUILD 1
#define APU_DSO_LIBDIR "/usr/local2/apache2/lib/apr-util-1"

configure: exit 0
